<?xml version="1.0" encoding="UTF-8" ?>
<testsuite tests="2" failures="0" name="com.telstra.codechallenge.HottestRepoCreatedLastWeekTest" time="13.121" errors="2" skipped="0">
  <properties>
[...]
</properties>
  <testcase classname="com.telstra.codechallenge.HottestRepoCreatedLastWeekTest" name="testContextLoading" time="2.191">
    <error message="I/O error on GET request for &quot;http://localhost:8089/api/hottestcreatedrepo&quot;: Connect to localhost:8089 [localhost/127.0.0.1, localhost/0:0:0:0:0:0:0:1] failed: Connection refused: connect; nested exception is org.apache.http.conn.HttpHostConnectException: Connect to localhost:8089 [localhost/127.0.0.1, localhost/0:0:0:0:0:0:0:1] failed: Connection refused: connect" type="org.springframework.web.client.ResourceAccessException">org.springframework.web.client.ResourceAccessException: I/O error on GET request for &quot;http://localhost:8089/api/hottestcreatedrepo&quot;: Connect to localhost:8089 [localhost/127.0.0.1, localhost/0:0:0:0:0:0:0:1] failed: Connection refused: connect; nested exception is org.apache.http.conn.HttpHostConnectException: Connect to localhost:8089 [localhost/127.0.0.1, localhost/0:0:0:0:0:0:0:1] failed: Connection refused: connect
	at org.springframework.web.client.RestTemplate.doExecute(RestTemplate.java:674)
	at org.springframework.web.client.RestTemplate.execute(RestTemplate.java:621)
	at org.springframework.web.client.RestTemplate.getForObject(RestTemplate.java:295)
	at org.springframework.boot.test.web.client.TestRestTemplate.getForObject(TestRestTemplate.java:189)
	at com.telstra.codechallenge.HottestRepoCreatedLastWeekTest.testContextLoading(HottestRepoCreatedLastWeekTest.java:35)
	at sun.reflect.NativeMethodAccessorImpl.invoke0(Native Method)
	at sun.reflect.NativeMethodAccessorImpl.invoke(NativeMethodAccessorImpl.java:62)
	at sun.reflect.DelegatingMethodAccessorImpl.invoke(DelegatingMethodAccessorImpl.java:43)
	at java.lang.reflect.Method.invoke(Method.java:498)
	at org.junit.runners.model.FrameworkMethod$1.runReflectiveCall(FrameworkMethod.java:50)
	at org.junit.internal.runners.model.ReflectiveCallable.run(ReflectiveCallable.java:12)
	at org.junit.runners.model.FrameworkMethod.invokeExplosively(FrameworkMethod.java:47)
	at org.junit.internal.runners.statements.InvokeMethod.evaluate(InvokeMethod.java:17)
	at org.springframework.test.context.junit4.statements.RunBeforeTestMethodCallbacks.evaluate(RunBeforeTestMethodCallbacks.java:75)
	at org.springframework.test.context.junit4.statements.RunAfterTestMethodCallbacks.evaluate(RunAfterTestMethodCallbacks.java:86)
	at org.springframework.test.context.junit4.statements.SpringRepeat.evaluate(SpringRepeat.java:84)
	at org.junit.runners.ParentRunner.runLeaf(ParentRunner.java:325)
	at org.springframework.test.context.junit4.SpringJUnit4ClassRunner.runChild(SpringJUnit4ClassRunner.java:252)
	at org.springframework.test.context.junit4.SpringJUnit4ClassRunner.runChild(SpringJUnit4ClassRunner.java:94)
	at org.junit.runners.ParentRunner$3.run(ParentRunner.java:290)
	at org.junit.runners.ParentRunner$1.schedule(ParentRunner.java:71)
	at org.junit.runners.ParentRunner.runChildren(ParentRunner.java:288)
	at org.junit.runners.ParentRunner.access$000(ParentRunner.java:58)
	at org.junit.runners.ParentRunner$2.evaluate(ParentRunner.java:268)
	at org.springframework.test.context.junit4.statements.RunBeforeTestClassCallbacks.evaluate(RunBeforeTestClassCallbacks.java:61)
	at org.springframework.test.context.junit4.statements.RunAfterTestClassCallbacks.evaluate(RunAfterTestClassCallbacks.java:70)
	at org.junit.runners.ParentRunner.run(ParentRunner.java:363)
	at org.springframework.test.context.junit4.SpringJUnit4ClassRunner.run(SpringJUnit4ClassRunner.java:191)
	at org.apache.maven.surefire.junit4.JUnit4TestSet.execute(JUnit4TestSet.java:53)
	at org.apache.maven.surefire.junit4.JUnit4Provider.executeTestSet(JUnit4Provider.java:123)
	at org.apache.maven.surefire.junit4.JUnit4Provider.invoke(JUnit4Provider.java:104)
	at sun.reflect.NativeMethodAccessorImpl.invoke0(Native Method)
	at sun.reflect.NativeMethodAccessorImpl.invoke(NativeMethodAccessorImpl.java:62)
	at sun.reflect.DelegatingMethodAccessorImpl.invoke(DelegatingMethodAccessorImpl.java:43)
	at java.lang.reflect.Method.invoke(Method.java:498)
	at org.apache.maven.surefire.util.ReflectionUtils.invokeMethodWithArray(ReflectionUtils.java:164)
	at org.apache.maven.surefire.booter.ProviderFactory$ProviderProxy.invoke(ProviderFactory.java:110)
	at org.apache.maven.surefire.booter.SurefireStarter.invokeProvider(SurefireStarter.java:175)
	at org.apache.maven.surefire.booter.SurefireStarter.runSuitesInProcessWhenForked(SurefireStarter.java:107)
	at org.apache.maven.surefire.booter.ForkedBooter.main(ForkedBooter.java:68)
Caused by: org.apache.http.conn.HttpHostConnectException: Connect to localhost:8089 [localhost/127.0.0.1, localhost/0:0:0:0:0:0:0:1] failed: Connection refused: connect
	at org.apache.http.impl.conn.DefaultHttpClientConnectionOperator.connect(DefaultHttpClientConnectionOperator.java:151)
	at org.apache.http.impl.conn.PoolingHttpClientConnectionManager.connect(PoolingHttpClientConnectionManager.java:353)
	at org.apache.http.impl.execchain.MainClientExec.establishRoute(MainClientExec.java:380)
	at org.apache.http.impl.execchain.MainClientExec.execute(MainClientExec.java:236)
	at org.apache.http.impl.execchain.ProtocolExec.execute(ProtocolExec.java:184)
	at org.apache.http.impl.execchain.RetryExec.execute(RetryExec.java:88)
	at org.apache.http.impl.execchain.RedirectExec.execute(RedirectExec.java:110)
	at org.apache.http.impl.client.InternalHttpClient.doExecute(InternalHttpClient.java:184)
	at org.apache.http.impl.client.CloseableHttpClient.execute(CloseableHttpClient.java:82)
	at org.apache.http.impl.client.CloseableHttpClient.execute(CloseableHttpClient.java:55)
	at org.springframework.http.client.HttpComponentsClientHttpRequest.executeInternal(HttpComponentsClientHttpRequest.java:89)
	at org.springframework.http.client.AbstractBufferingClientHttpRequest.executeInternal(AbstractBufferingClientHttpRequest.java:48)
	at org.springframework.http.client.AbstractClientHttpRequest.execute(AbstractClientHttpRequest.java:53)
	at org.springframework.web.client.RestTemplate.doExecute(RestTemplate.java:660)
	... 39 more
Caused by: java.net.ConnectException: Connection refused: connect
	at java.net.DualStackPlainSocketImpl.connect0(Native Method)
	at java.net.DualStackPlainSocketImpl.socketConnect(DualStackPlainSocketImpl.java:79)
	at java.net.AbstractPlainSocketImpl.doConnect(AbstractPlainSocketImpl.java:350)
	at java.net.AbstractPlainSocketImpl.connectToAddress(AbstractPlainSocketImpl.java:206)
	at java.net.AbstractPlainSocketImpl.connect(AbstractPlainSocketImpl.java:188)
	at java.net.PlainSocketImpl.connect(PlainSocketImpl.java:172)
	at java.net.SocksSocketImpl.connect(SocksSocketImpl.java:392)
	at java.net.Socket.connect(Socket.java:589)
	at org.apache.http.conn.socket.PlainConnectionSocketFactory.connectSocket(PlainConnectionSocketFactory.java:74)
	at org.apache.http.impl.conn.DefaultHttpClientConnectionOperator.connect(DefaultHttpClientConnectionOperator.java:134)
	... 52 more
</error>
    <system-out>16:27:24.689 [main] DEBUG org.springframework.test.context.junit4.SpringJUnit4ClassRunner - SpringJUnit4ClassRunner constructor called with [class com.telstra.codechallenge.HottestRepoCreatedLastWeekTest]
16:27:24.696 [main] DEBUG org.springframework.test.context.BootstrapUtils - Instantiating CacheAwareContextLoaderDelegate from class [org.springframework.test.context.cache.DefaultCacheAwareContextLoaderDelegate]
16:27:24.712 [main] DEBUG org.springframework.test.context.BootstrapUtils - Instantiating BootstrapContext using constructor [public org.springframework.test.context.support.DefaultBootstrapContext(java.lang.Class,org.springframework.test.context.CacheAwareContextLoaderDelegate)]
16:27:24.743 [main] DEBUG org.springframework.test.context.BootstrapUtils - Instantiating TestContextBootstrapper for test class [com.telstra.codechallenge.HottestRepoCreatedLastWeekTest] from class [org.springframework.boot.test.context.SpringBootTestContextBootstrapper]
16:27:24.774 [main] INFO org.springframework.boot.test.context.SpringBootTestContextBootstrapper - Neither @ContextConfiguration nor @ContextHierarchy found for test class [com.telstra.codechallenge.HottestRepoCreatedLastWeekTest], using SpringBootContextLoader
16:27:24.774 [main] DEBUG org.springframework.test.context.support.AbstractContextLoader - Did not detect default resource location for test class [com.telstra.codechallenge.HottestRepoCreatedLastWeekTest]: class path resource [com/telstra/codechallenge/HottestRepoCreatedLastWeekTest-context.xml] does not exist
16:27:24.790 [main] DEBUG org.springframework.test.context.support.AbstractContextLoader - Did not detect default resource location for test class [com.telstra.codechallenge.HottestRepoCreatedLastWeekTest]: class path resource [com/telstra/codechallenge/HottestRepoCreatedLastWeekTestContext.groovy] does not exist
16:27:24.790 [main] INFO org.springframework.test.context.support.AbstractContextLoader - Could not detect default resource locations for test class [com.telstra.codechallenge.HottestRepoCreatedLastWeekTest]: no resource found for suffixes {-context.xml, Context.groovy}.
16:27:24.790 [main] INFO org.springframework.test.context.support.AnnotationConfigContextLoaderUtils - Could not detect default configuration classes for test class [com.telstra.codechallenge.HottestRepoCreatedLastWeekTest]: HottestRepoCreatedLastWeekTest does not declare any static, non-private, non-final, nested classes annotated with @Configuration.
16:27:24.851 [main] DEBUG org.springframework.test.context.support.ActiveProfilesUtils - Could not find an &apos;annotation declaring class&apos; for annotation type [org.springframework.test.context.ActiveProfiles] and class [com.telstra.codechallenge.HottestRepoCreatedLastWeekTest]
16:27:24.903 [main] DEBUG org.springframework.core.env.StandardEnvironment - Adding PropertySource &apos;systemProperties&apos; with lowest search precedence
16:27:24.905 [main] DEBUG org.springframework.core.env.StandardEnvironment - Adding PropertySource &apos;systemEnvironment&apos; with lowest search precedence
16:27:24.907 [main] DEBUG org.springframework.core.env.StandardEnvironment - Initialized StandardEnvironment with PropertySources [MapPropertySource@1754451055 {name=&apos;systemProperties&apos;, properties={java.runtime.name=Java(TM) SE Runtime Environment, sun.boot.library.path=C:\Program Files\Java\jdk1.8.0_151\jre\bin, java.vm.version=25.151-b12, java.vm.vendor=Oracle Corporation, java.vendor.url=http://java.oracle.com/, path.separator=;, java.vm.name=Java HotSpot(TM) 64-Bit Server VM, file.encoding.pkg=sun.io, user.country=US, user.script=, sun.java.launcher=SUN_STANDARD, sun.os.patch.level=, java.vm.specification.name=Java Virtual Machine Specification, user.dir=D:\c967784-spring-boot-coding-exercise-f23e9d5fe4dc\microservice, java.runtime.version=1.8.0_151-b12, basedir=D:\c967784-spring-boot-coding-exercise-f23e9d5fe4dc\microservice, java.awt.graphicsenv=sun.awt.Win32GraphicsEnvironment, java.endorsed.dirs=C:\Program Files\Java\jdk1.8.0_151\jre\lib\endorsed, os.arch=amd64, surefire.real.class.path=D:\c967784-spring-boot-coding-exercise-f23e9d5fe4dc\microservice\target\surefire\surefirebooter3404818753480908729.jar;C:\\Users\\RU20012347\\.m2\\repository\\org\\jacoco\\org.jacoco.agent\\0.8.0\\org.jacoco.agent-0.8.0-runtime.jar, java.io.tmpdir=C:\Users\RU20012347\AppData\Local\Temp\, line.separator=
, java.vm.specification.vendor=Oracle Corporation, user.variant=, os.name=Windows 10, sun.jnu.encoding=Cp1252, java.library.path=C:\Program Files\Java\jdk1.8.0_151\jre\bin;C:\windows\Sun\Java\bin;C:\windows\system32;C:\windows;C:/Program Files/Java/jre1.8.0_131/bin/server;C:/Program Files/Java/jre1.8.0_131/bin;C:/Program Files/Java/jre1.8.0_131/lib/amd64;C:\ProgramData\Oracle\Java\javapath;C:\windows\system32;C:\windows;C:\windows\System32\Wbem;C:\windows\System32\WindowsPowerShell\v1.0\;C:\Program Files\Git\cmd;C:\Users\RU20012347\AppData\Local\Microsoft\WindowsApps;;D:\Softwares\sts-bundle\sts-3.9.1.RELEASE;;., surefire.test.class.path=D:\c967784-spring-boot-coding-exercise-f23e9d5fe4dc\microservice\target\test-classes;D:\c967784-spring-boot-coding-exercise-f23e9d5fe4dc\microservice\target\classes;C:\Users\RU20012347\.m2\repository\org\springframework\cloud\spring-cloud-starter-hystrix\1.4.4.RELEASE\spring-cloud-starter-hystrix-1.4.4.RELEASE.jar;C:\Users\RU20012347\.m2\repository\org\springframework\cloud\spring-cloud-starter-netflix-hystrix\1.4.4.RELEASE\spring-cloud-starter-netflix-hystrix-1.4.4.RELEASE.jar;C:\Users\RU20012347\.m2\repository\org\springframework\cloud\spring-cloud-starter\1.3.3.RELEASE\spring-cloud-starter-1.3.3.RELEASE.jar;C:\Users\RU20012347\.m2\repository\org\springframework\cloud\spring-cloud-context\1.3.3.RELEASE\spring-cloud-context-1.3.3.RELEASE.jar;C:\Users\RU20012347\.m2\repository\org\springframework\security\spring-security-crypto\4.2.4.RELEASE\spring-security-crypto-4.2.4.RELEASE.jar;C:\Users\RU20012347\.m2\repository\org\springframework\cloud\spring-cloud-commons\1.3.3.RELEASE\spring-cloud-commons-1.3.3.RELEASE.jar;C:\Users\RU20012347\.m2\repository\org\apache\httpcomponents\httpclient\4.5.1\httpclient-4.5.1.jar;C:\Users\RU20012347\.m2\repository\org\apache\httpcomponents\httpcore\4.4.3\httpcore-4.4.3.jar;C:\Users\RU20012347\.m2\repository\commons-codec\commons-codec\1.9\commons-codec-1.9.jar;C:\Users\RU20012347\.m2\repository\org\springframework\security\spring-security-rsa\1.0.3.RELEASE\spring-security-rsa-1.0.3.RELEASE.jar;C:\Users\RU20012347\.m2\repository\org\bouncycastle\bcpkix-jdk15on\1.55\bcpkix-jdk15on-1.55.jar;C:\Users\RU20012347\.m2\repository\org\bouncycastle\bcprov-jdk15on\1.55\bcprov-jdk15on-1.55.jar;C:\Users\RU20012347\.m2\repository\org\springframework\cloud\spring-cloud-netflix-core\1.4.4.RELEASE\spring-cloud-netflix-core-1.4.4.RELEASE.jar;C:\Users\RU20012347\.m2\repository\org\springframework\cloud\spring-cloud-starter-netflix-archaius\1.4.4.RELEASE\spring-cloud-starter-netflix-archaius-1.4.4.RELEASE.jar;C:\Users\RU20012347\.m2\repository\com\netflix\archaius\archaius-core\0.7.4\archaius-core-0.7.4.jar;C:\Users\RU20012347\.m2\repository\com\google\code\findbugs\jsr305\3.0.1\jsr305-3.0.1.jar;C:\Users\RU20012347\.m2\repository\commons-configuration\commons-configuration\1.8\commons-configuration-1.8.jar;C:\Users\RU20012347\.m2\repository\commons-lang\commons-lang\2.6\commons-lang-2.6.jar;C:\Users\RU20012347\.m2\repository\com\google\guava\guava\18.0\guava-18.0.jar;C:\Users\RU20012347\.m2\repository\com\netflix\hystrix\hystrix-core\1.5.12\hystrix-core-1.5.12.jar;C:\Users\RU20012347\.m2\repository\io\reactivex\rxjava\1.2.0\rxjava-1.2.0.jar;C:\Users\RU20012347\.m2\repository\org\hdrhistogram\HdrHistogram\2.1.9\HdrHistogram-2.1.9.jar;C:\Users\RU20012347\.m2\repository\com\netflix\hystrix\hystrix-metrics-event-stream\1.5.12\hystrix-metrics-event-stream-1.5.12.jar;C:\Users\RU20012347\.m2\repository\com\netflix\hystrix\hystrix-serialization\1.5.12\hystrix-serialization-1.5.12.jar;C:\Users\RU20012347\.m2\repository\com\fasterxml\jackson\module\jackson-module-afterburner\2.7.5\jackson-module-afterburner-2.7.5.jar;C:\Users\RU20012347\.m2\repository\com\netflix\hystrix\hystrix-javanica\1.5.12\hystrix-javanica-1.5.12.jar;C:\Users\RU20012347\.m2\repository\org\apache\commons\commons-lang3\3.1\commons-lang3-3.1.jar;C:\Users\RU20012347\.m2\repository\org\ow2\asm\asm\5.0.4\asm-5.0.4.jar;C:\Users\RU20012347\.m2\repository\org\aspectj\aspectjweaver\1.8.6\aspectjweaver-1.8.6.jar;C:\Users\RU20012347\.m2\repository\org\springframework\boot\spring-boot-devtools\1.5.10.RELEASE\spring-boot-devtools-1.5.10.RELEASE.jar;C:\Users\RU20012347\.m2\repository\org\springframework\boot\spring-boot\1.5.10.RELEASE\spring-boot-1.5.10.RELEASE.jar;C:\Users\RU20012347\.m2\repository\org\springframework\spring-context\4.3.14.RELEASE\spring-context-4.3.14.RELEASE.jar;C:\Users\RU20012347\.m2\repository\org\springframework\boot\spring-boot-starter-actuator\1.5.10.RELEASE\spring-boot-starter-actuator-1.5.10.RELEASE.jar;C:\Users\RU20012347\.m2\repository\org\springframework\boot\spring-boot-starter\1.5.10.RELEASE\spring-boot-starter-1.5.10.RELEASE.jar;C:\Users\RU20012347\.m2\repository\org\springframework\boot\spring-boot-starter-logging\1.5.10.RELEASE\spring-boot-starter-logging-1.5.10.RELEASE.jar;C:\Users\RU20012347\.m2\repository\ch\qos\logback\logback-classic\1.1.11\logback-classic-1.1.11.jar;C:\Users\RU20012347\.m2\repository\ch\qos\logback\logback-core\1.1.11\logback-core-1.1.11.jar;C:\Users\RU20012347\.m2\repository\org\slf4j\log4j-over-slf4j\1.7.25\log4j-over-slf4j-1.7.25.jar;C:\Users\RU20012347\.m2\repository\org\yaml\snakeyaml\1.17\snakeyaml-1.17.jar;C:\Users\RU20012347\.m2\repository\org\springframework\boot\spring-boot-actuator\1.5.10.RELEASE\spring-boot-actuator-1.5.10.RELEASE.jar;C:\Users\RU20012347\.m2\repository\org\springframework\boot\spring-boot-starter-security\1.5.10.RELEASE\spring-boot-starter-security-1.5.10.RELEASE.jar;C:\Users\RU20012347\.m2\repository\org\springframework\spring-aop\4.3.14.RELEASE\spring-aop-4.3.14.RELEASE.jar;C:\Users\RU20012347\.m2\repository\org\springframework\spring-beans\4.3.14.RELEASE\spring-beans-4.3.14.RELEASE.jar;C:\Users\RU20012347\.m2\repository\org\springframework\security\spring-security-config\4.2.4.RELEASE\spring-security-config-4.2.4.RELEASE.jar;C:\Users\RU20012347\.m2\repository\org\springframework\security\spring-security-core\4.2.4.RELEASE\spring-security-core-4.2.4.RELEASE.jar;C:\Users\RU20012347\.m2\repository\org\springframework\security\spring-security-web\4.2.4.RELEASE\spring-security-web-4.2.4.RELEASE.jar;C:\Users\RU20012347\.m2\repository\org\springframework\spring-expression\4.3.12.RELEASE\spring-expression-4.3.12.RELEASE.jar;C:\Users\RU20012347\.m2\repository\org\springframework\boot\spring-boot-starter-web\1.5.10.RELEASE\spring-boot-starter-web-1.5.10.RELEASE.jar;C:\Users\RU20012347\.m2\repository\org\springframework\boot\spring-boot-starter-tomcat\1.5.10.RELEASE\spring-boot-starter-tomcat-1.5.10.RELEASE.jar;C:\Users\RU20012347\.m2\repository\org\apache\tomcat\embed\tomcat-embed-core\8.5.27\tomcat-embed-core-8.5.27.jar;C:\Users\RU20012347\.m2\repository\org\apache\tomcat\tomcat-annotations-api\8.5.27\tomcat-annotations-api-8.5.27.jar;C:\Users\RU20012347\.m2\repository\org\apache\tomcat\embed\tomcat-embed-el\8.5.27\tomcat-embed-el-8.5.27.jar;C:\Users\RU20012347\.m2\repository\org\apache\tomcat\embed\tomcat-embed-websocket\8.5.27\tomcat-embed-websocket-8.5.27.jar;C:\Users\RU20012347\.m2\repository\org\hibernate\hibernate-validator\5.3.6.Final\hibernate-validator-5.3.6.Final.jar;C:\Users\RU20012347\.m2\repository\javax\validation\validation-api\1.1.0.Final\validation-api-1.1.0.Final.jar;C:\Users\RU20012347\.m2\repository\org\jboss\logging\jboss-logging\3.3.0.Final\jboss-logging-3.3.0.Final.jar;C:\Users\RU20012347\.m2\repository\com\fasterxml\classmate\1.3.1\classmate-1.3.1.jar;C:\Users\RU20012347\.m2\repository\com\fasterxml\jackson\core\jackson-databind\2.8.10\jackson-databind-2.8.10.jar;C:\Users\RU20012347\.m2\repository\com\fasterxml\jackson\core\jackson-annotations\2.8.0\jackson-annotations-2.8.0.jar;C:\Users\RU20012347\.m2\repository\com\fasterxml\jackson\core\jackson-core\2.8.10\jackson-core-2.8.10.jar;C:\Users\RU20012347\.m2\repository\org\springframework\spring-web\4.3.14.RELEASE\spring-web-4.3.14.RELEASE.jar;C:\Users\RU20012347\.m2\repository\org\springframework\spring-webmvc\4.3.14.RELEASE\spring-webmvc-4.3.14.RELEASE.jar;C:\Users\RU20012347\.m2\repository\org\springframework\boot\spring-boot-starter-test\1.5.10.RELEASE\spring-boot-starter-test-1.5.10.RELEASE.jar;C:\Users\RU20012347\.m2\repository\org\springframework\boot\spring-boot-test\1.5.10.RELEASE\spring-boot-test-1.5.10.RELEASE.jar;C:\Users\RU20012347\.m2\repository\org\springframework\boot\spring-boot-test-autoconfigure\1.5.10.RELEASE\spring-boot-test-autoconfigure-1.5.10.RELEASE.jar;C:\Users\RU20012347\.m2\repository\com\jayway\jsonpath\json-path\2.2.0\json-path-2.2.0.jar;C:\Users\RU20012347\.m2\repository\net\minidev\json-smart\2.2.1\json-smart-2.2.1.jar;C:\Users\RU20012347\.m2\repository\net\minidev\accessors-smart\1.1\accessors-smart-1.1.jar;C:\Users\RU20012347\.m2\repository\org\slf4j\slf4j-api\1.7.16\slf4j-api-1.7.16.jar;C:\Users\RU20012347\.m2\repository\org\assertj\assertj-core\2.6.0\assertj-core-2.6.0.jar;C:\Users\RU20012347\.m2\repository\org\mockito\mockito-core\1.10.19\mockito-core-1.10.19.jar;C:\Users\RU20012347\.m2\repository\org\objenesis\objenesis\2.1\objenesis-2.1.jar;C:\Users\RU20012347\.m2\repository\org\hamcrest\hamcrest-core\1.3\hamcrest-core-1.3.jar;C:\Users\RU20012347\.m2\repository\org\hamcrest\hamcrest-library\1.3\hamcrest-library-1.3.jar;C:\Users\RU20012347\.m2\repository\org\skyscreamer\jsonassert\1.4.0\jsonassert-1.4.0.jar;C:\Users\RU20012347\.m2\repository\com\vaadin\external\google\android-json\0.0.20131108.vaadin1\android-json-0.0.20131108.vaadin1.jar;C:\Users\RU20012347\.m2\repository\org\springframework\spring-core\4.3.14.RELEASE\spring-core-4.3.14.RELEASE.jar;C:\Users\RU20012347\.m2\repository\org\springframework\spring-test\4.3.14.RELEASE\spring-test-4.3.14.RELEASE.jar;C:\Users\RU20012347\.m2\repository\org\springframework\boot\spring-boot-autoconfigure\1.5.10.RELEASE\spring-boot-autoconfigure-1.5.10.RELEASE.jar;C:\Users\RU20012347\.m2\repository\org\springframework\boot\spring-boot-starter-log4j2\1.5.10.RELEASE\spring-boot-starter-log4j2-1.5.10.RELEASE.jar;C:\Users\RU20012347\.m2\repository\org\apache\logging\log4j\log4j-slf4j-impl\2.7\log4j-slf4j-impl-2.7.jar;C:\Users\RU20012347\.m2\repository\org\apache\logging\log4j\log4j-api\2.7\log4j-api-2.7.jar;C:\Users\RU20012347\.m2\repository\org\apache\logging\log4j\log4j-core\2.7\log4j-core-2.7.jar;C:\Users\RU20012347\.m2\repository\org\slf4j\jcl-over-slf4j\1.7.25\jcl-over-slf4j-1.7.25.jar;C:\Users\RU20012347\.m2\repository\org\slf4j\jul-to-slf4j\1.7.25\jul-to-slf4j-1.7.25.jar;C:\Users\RU20012347\.m2\repository\org\projectlombok\lombok\1.16.18\lombok-1.16.18.jar;C:\Users\RU20012347\.m2\repository\org\json\json\20080701\json-20080701.jar;C:\Users\RU20012347\.m2\repository\junit\junit\4.12\junit-4.12.jar;, java.specification.name=Java Platform API Specification, java.class.version=52.0, sun.management.compiler=HotSpot 64-Bit Tiered Compilers, os.version=10.0, user.home=C:\Users\RU20012347, user.timezone=Asia/Calcutta, java.awt.printerjob=sun.awt.windows.WPrinterJob, file.encoding=Cp1252, java.specification.version=1.8, java.class.path=D:\c967784-spring-boot-coding-exercise-f23e9d5fe4dc\microservice\target\test-classes;D:\c967784-spring-boot-coding-exercise-f23e9d5fe4dc\microservice\target\classes;C:\Users\RU20012347\.m2\repository\org\springframework\cloud\spring-cloud-starter-hystrix\1.4.4.RELEASE\spring-cloud-starter-hystrix-1.4.4.RELEASE.jar;C:\Users\RU20012347\.m2\repository\org\springframework\cloud\spring-cloud-starter-netflix-hystrix\1.4.4.RELEASE\spring-cloud-starter-netflix-hystrix-1.4.4.RELEASE.jar;C:\Users\RU20012347\.m2\repository\org\springframework\cloud\spring-cloud-starter\1.3.3.RELEASE\spring-cloud-starter-1.3.3.RELEASE.jar;C:\Users\RU20012347\.m2\repository\org\springframework\cloud\spring-cloud-context\1.3.3.RELEASE\spring-cloud-context-1.3.3.RELEASE.jar;C:\Users\RU20012347\.m2\repository\org\springframework\security\spring-security-crypto\4.2.4.RELEASE\spring-security-crypto-4.2.4.RELEASE.jar;C:\Users\RU20012347\.m2\repository\org\springframework\cloud\spring-cloud-commons\1.3.3.RELEASE\spring-cloud-commons-1.3.3.RELEASE.jar;C:\Users\RU20012347\.m2\repository\org\apache\httpcomponents\httpclient\4.5.1\httpclient-4.5.1.jar;C:\Users\RU20012347\.m2\repository\org\apache\httpcomponents\httpcore\4.4.3\httpcore-4.4.3.jar;C:\Users\RU20012347\.m2\repository\commons-codec\commons-codec\1.9\commons-codec-1.9.jar;C:\Users\RU20012347\.m2\repository\org\springframework\security\spring-security-rsa\1.0.3.RELEASE\spring-security-rsa-1.0.3.RELEASE.jar;C:\Users\RU20012347\.m2\repository\org\bouncycastle\bcpkix-jdk15on\1.55\bcpkix-jdk15on-1.55.jar;C:\Users\RU20012347\.m2\repository\org\bouncycastle\bcprov-jdk15on\1.55\bcprov-jdk15on-1.55.jar;C:\Users\RU20012347\.m2\repository\org\springframework\cloud\spring-cloud-netflix-core\1.4.4.RELEASE\spring-cloud-netflix-core-1.4.4.RELEASE.jar;C:\Users\RU20012347\.m2\repository\org\springframework\cloud\spring-cloud-starter-netflix-archaius\1.4.4.RELEASE\spring-cloud-starter-netflix-archaius-1.4.4.RELEASE.jar;C:\Users\RU20012347\.m2\repository\com\netflix\archaius\archaius-core\0.7.4\archaius-core-0.7.4.jar;C:\Users\RU20012347\.m2\repository\com\google\code\findbugs\jsr305\3.0.1\jsr305-3.0.1.jar;C:\Users\RU20012347\.m2\repository\commons-configuration\commons-configuration\1.8\commons-configuration-1.8.jar;C:\Users\RU20012347\.m2\repository\commons-lang\commons-lang\2.6\commons-lang-2.6.jar;C:\Users\RU20012347\.m2\repository\com\google\guava\guava\18.0\guava-18.0.jar;C:\Users\RU20012347\.m2\repository\com\netflix\hystrix\hystrix-core\1.5.12\hystrix-core-1.5.12.jar;C:\Users\RU20012347\.m2\repository\io\reactivex\rxjava\1.2.0\rxjava-1.2.0.jar;C:\Users\RU20012347\.m2\repository\org\hdrhistogram\HdrHistogram\2.1.9\HdrHistogram-2.1.9.jar;C:\Users\RU20012347\.m2\repository\com\netflix\hystrix\hystrix-metrics-event-stream\1.5.12\hystrix-metrics-event-stream-1.5.12.jar;C:\Users\RU20012347\.m2\repository\com\netflix\hystrix\hystrix-serialization\1.5.12\hystrix-serialization-1.5.12.jar;C:\Users\RU20012347\.m2\repository\com\fasterxml\jackson\module\jackson-module-afterburner\2.7.5\jackson-module-afterburner-2.7.5.jar;C:\Users\RU20012347\.m2\repository\com\netflix\hystrix\hystrix-javanica\1.5.12\hystrix-javanica-1.5.12.jar;C:\Users\RU20012347\.m2\repository\org\apache\commons\commons-lang3\3.1\commons-lang3-3.1.jar;C:\Users\RU20012347\.m2\repository\org\ow2\asm\asm\5.0.4\asm-5.0.4.jar;C:\Users\RU20012347\.m2\repository\org\aspectj\aspectjweaver\1.8.6\aspectjweaver-1.8.6.jar;C:\Users\RU20012347\.m2\repository\org\springframework\boot\spring-boot-devtools\1.5.10.RELEASE\spring-boot-devtools-1.5.10.RELEASE.jar;C:\Users\RU20012347\.m2\repository\org\springframework\boot\spring-boot\1.5.10.RELEASE\spring-boot-1.5.10.RELEASE.jar;C:\Users\RU20012347\.m2\repository\org\springframework\spring-context\4.3.14.RELEASE\spring-context-4.3.14.RELEASE.jar;C:\Users\RU20012347\.m2\repository\org\springframework\boot\spring-boot-starter-actuator\1.5.10.RELEASE\spring-boot-starter-actuator-1.5.10.RELEASE.jar;C:\Users\RU20012347\.m2\repository\org\springframework\boot\spring-boot-starter\1.5.10.RELEASE\spring-boot-starter-1.5.10.RELEASE.jar;C:\Users\RU20012347\.m2\repository\org\springframework\boot\spring-boot-starter-logging\1.5.10.RELEASE\spring-boot-starter-logging-1.5.10.RELEASE.jar;C:\Users\RU20012347\.m2\repository\ch\qos\logback\logback-classic\1.1.11\logback-classic-1.1.11.jar;C:\Users\RU20012347\.m2\repository\ch\qos\logback\logback-core\1.1.11\logback-core-1.1.11.jar;C:\Users\RU20012347\.m2\repository\org\slf4j\log4j-over-slf4j\1.7.25\log4j-over-slf4j-1.7.25.jar;C:\Users\RU20012347\.m2\repository\org\yaml\snakeyaml\1.17\snakeyaml-1.17.jar;C:\Users\RU20012347\.m2\repository\org\springframework\boot\spring-boot-actuator\1.5.10.RELEASE\spring-boot-actuator-1.5.10.RELEASE.jar;C:\Users\RU20012347\.m2\repository\org\springframework\boot\spring-boot-starter-security\1.5.10.RELEASE\spring-boot-starter-security-1.5.10.RELEASE.jar;C:\Users\RU20012347\.m2\repository\org\springframework\spring-aop\4.3.14.RELEASE\spring-aop-4.3.14.RELEASE.jar;C:\Users\RU20012347\.m2\repository\org\springframework\spring-beans\4.3.14.RELEASE\spring-beans-4.3.14.RELEASE.jar;C:\Users\RU20012347\.m2\repository\org\springframework\security\spring-security-config\4.2.4.RELEASE\spring-security-config-4.2.4.RELEASE.jar;C:\Users\RU20012347\.m2\repository\org\springframework\security\spring-security-core\4.2.4.RELEASE\spring-security-core-4.2.4.RELEASE.jar;C:\Users\RU20012347\.m2\repository\org\springframework\security\spring-security-web\4.2.4.RELEASE\spring-security-web-4.2.4.RELEASE.jar;C:\Users\RU20012347\.m2\repository\org\springframework\spring-expression\4.3.12.RELEASE\spring-expression-4.3.12.RELEASE.jar;C:\Users\RU20012347\.m2\repository\org\springframework\boot\spring-boot-starter-web\1.5.10.RELEASE\spring-boot-starter-web-1.5.10.RELEASE.jar;C:\Users\RU20012347\.m2\repository\org\springframework\boot\spring-boot-starter-tomcat\1.5.10.RELEASE\spring-boot-starter-tomcat-1.5.10.RELEASE.jar;C:\Users\RU20012347\.m2\repository\org\apache\tomcat\embed\tomcat-embed-core\8.5.27\tomcat-embed-core-8.5.27.jar;C:\Users\RU20012347\.m2\repository\org\apache\tomcat\tomcat-annotations-api\8.5.27\tomcat-annotations-api-8.5.27.jar;C:\Users\RU20012347\.m2\repository\org\apache\tomcat\embed\tomcat-embed-el\8.5.27\tomcat-embed-el-8.5.27.jar;C:\Users\RU20012347\.m2\repository\org\apache\tomcat\embed\tomcat-embed-websocket\8.5.27\tomcat-embed-websocket-8.5.27.jar;C:\Users\RU20012347\.m2\repository\org\hibernate\hibernate-validator\5.3.6.Final\hibernate-validator-5.3.6.Final.jar;C:\Users\RU20012347\.m2\repository\javax\validation\validation-api\1.1.0.Final\validation-api-1.1.0.Final.jar;C:\Users\RU20012347\.m2\repository\org\jboss\logging\jboss-logging\3.3.0.Final\jboss-logging-3.3.0.Final.jar;C:\Users\RU20012347\.m2\repository\com\fasterxml\classmate\1.3.1\classmate-1.3.1.jar;C:\Users\RU20012347\.m2\repository\com\fasterxml\jackson\core\jackson-databind\2.8.10\jackson-databind-2.8.10.jar;C:\Users\RU20012347\.m2\repository\com\fasterxml\jackson\core\jackson-annotations\2.8.0\jackson-annotations-2.8.0.jar;C:\Users\RU20012347\.m2\repository\com\fasterxml\jackson\core\jackson-core\2.8.10\jackson-core-2.8.10.jar;C:\Users\RU20012347\.m2\repository\org\springframework\spring-web\4.3.14.RELEASE\spring-web-4.3.14.RELEASE.jar;C:\Users\RU20012347\.m2\repository\org\springframework\spring-webmvc\4.3.14.RELEASE\spring-webmvc-4.3.14.RELEASE.jar;C:\Users\RU20012347\.m2\repository\org\springframework\boot\spring-boot-starter-test\1.5.10.RELEASE\spring-boot-starter-test-1.5.10.RELEASE.jar;C:\Users\RU20012347\.m2\repository\org\springframework\boot\spring-boot-test\1.5.10.RELEASE\spring-boot-test-1.5.10.RELEASE.jar;C:\Users\RU20012347\.m2\repository\org\springframework\boot\spring-boot-test-autoconfigure\1.5.10.RELEASE\spring-boot-test-autoconfigure-1.5.10.RELEASE.jar;C:\Users\RU20012347\.m2\repository\com\jayway\jsonpath\json-path\2.2.0\json-path-2.2.0.jar;C:\Users\RU20012347\.m2\repository\net\minidev\json-smart\2.2.1\json-smart-2.2.1.jar;C:\Users\RU20012347\.m2\repository\net\minidev\accessors-smart\1.1\accessors-smart-1.1.jar;C:\Users\RU20012347\.m2\repository\org\slf4j\slf4j-api\1.7.16\slf4j-api-1.7.16.jar;C:\Users\RU20012347\.m2\repository\org\assertj\assertj-core\2.6.0\assertj-core-2.6.0.jar;C:\Users\RU20012347\.m2\repository\org\mockito\mockito-core\1.10.19\mockito-core-1.10.19.jar;C:\Users\RU20012347\.m2\repository\org\objenesis\objenesis\2.1\objenesis-2.1.jar;C:\Users\RU20012347\.m2\repository\org\hamcrest\hamcrest-core\1.3\hamcrest-core-1.3.jar;C:\Users\RU20012347\.m2\repository\org\hamcrest\hamcrest-library\1.3\hamcrest-library-1.3.jar;C:\Users\RU20012347\.m2\repository\org\skyscreamer\jsonassert\1.4.0\jsonassert-1.4.0.jar;C:\Users\RU20012347\.m2\repository\com\vaadin\external\google\android-json\0.0.20131108.vaadin1\android-json-0.0.20131108.vaadin1.jar;C:\Users\RU20012347\.m2\repository\org\springframework\spring-core\4.3.14.RELEASE\spring-core-4.3.14.RELEASE.jar;C:\Users\RU20012347\.m2\repository\org\springframework\spring-test\4.3.14.RELEASE\spring-test-4.3.14.RELEASE.jar;C:\Users\RU20012347\.m2\repository\org\springframework\boot\spring-boot-autoconfigure\1.5.10.RELEASE\spring-boot-autoconfigure-1.5.10.RELEASE.jar;C:\Users\RU20012347\.m2\repository\org\springframework\boot\spring-boot-starter-log4j2\1.5.10.RELEASE\spring-boot-starter-log4j2-1.5.10.RELEASE.jar;C:\Users\RU20012347\.m2\repository\org\apache\logging\log4j\log4j-slf4j-impl\2.7\log4j-slf4j-impl-2.7.jar;C:\Users\RU20012347\.m2\repository\org\apache\logging\log4j\log4j-api\2.7\log4j-api-2.7.jar;C:\Users\RU20012347\.m2\repository\org\apache\logging\log4j\log4j-core\2.7\log4j-core-2.7.jar;C:\Users\RU20012347\.m2\repository\org\slf4j\jcl-over-slf4j\1.7.25\jcl-over-slf4j-1.7.25.jar;C:\Users\RU20012347\.m2\repository\org\slf4j\jul-to-slf4j\1.7.25\jul-to-slf4j-1.7.25.jar;C:\Users\RU20012347\.m2\repository\org\projectlombok\lombok\1.16.18\lombok-1.16.18.jar;C:\Users\RU20012347\.m2\repository\org\json\json\20080701\json-20080701.jar;C:\Users\RU20012347\.m2\repository\junit\junit\4.12\junit-4.12.jar;, user.name=RU20012347, java.vm.specification.version=1.8, sun.java.command=D:\c967784-spring-boot-coding-exercise-f23e9d5fe4dc\microservice\target\surefire\surefirebooter3404818753480908729.jar D:\c967784-spring-boot-coding-exercise-f23e9d5fe4dc\microservice\target\surefire\surefire7230536505895548119tmp D:\c967784-spring-boot-coding-exercise-f23e9d5fe4dc\microservice\target\surefire\surefire348304647533328154tmp, java.home=C:\Program Files\Java\jdk1.8.0_151\jre, sun.arch.data.model=64, user.language=en, java.specification.vendor=Oracle Corporation, awt.toolkit=sun.awt.windows.WToolkit, java.vm.info=mixed mode, java.version=1.8.0_151, java.ext.dirs=C:\Program Files\Java\jdk1.8.0_151\jre\lib\ext;C:\windows\Sun\Java\lib\ext, sun.boot.class.path=C:\Program Files\Java\jdk1.8.0_151\jre\lib\resources.jar;C:\Program Files\Java\jdk1.8.0_151\jre\lib\rt.jar;C:\Program Files\Java\jdk1.8.0_151\jre\lib\sunrsasign.jar;C:\Program Files\Java\jdk1.8.0_151\jre\lib\jsse.jar;C:\Program Files\Java\jdk1.8.0_151\jre\lib\jce.jar;C:\Program Files\Java\jdk1.8.0_151\jre\lib\charsets.jar;C:\Program Files\Java\jdk1.8.0_151\jre\lib\jfr.jar;C:\Program Files\Java\jdk1.8.0_151\jre\classes, java.vendor=Oracle Corporation, localRepository=C:\Users\RU20012347\.m2\repository, file.separator=\, java.vendor.url.bug=http://bugreport.sun.com/bugreport/, sun.io.unicode.encoding=UnicodeLittle, sun.cpu.endian=little, sun.desktop=windows, sun.cpu.isalist=amd64}}, SystemEnvironmentPropertySource@117249632 {name=&apos;systemEnvironment&apos;, properties={PATH=C:/Program Files/Java/jre1.8.0_131/bin/server;C:/Program Files/Java/jre1.8.0_131/bin;C:/Program Files/Java/jre1.8.0_131/lib/amd64;C:\ProgramData\Oracle\Java\javapath;C:\windows\system32;C:\windows;C:\windows\System32\Wbem;C:\windows\System32\WindowsPowerShell\v1.0\;C:\Program Files\Git\cmd;C:\Users\RU20012347\AppData\Local\Microsoft\WindowsApps;;D:\Softwares\sts-bundle\sts-3.9.1.RELEASE;, USERDOMAIN_ROAMINGPROFILE=WIPRO, PROCESSOR_LEVEL=6, SYSTEMDRIVE=C:, SESSIONNAME=Console, ALLUSERSPROFILE=C:\ProgramData, PROCESSOR_ARCHITECTURE=AMD64, DEFLOGDIR=C:\ProgramData\McAfee\Endpoint Security\Logs, MAVEN_HOME=D:\Softwares\apache-maven-3.5.3-bin\apache-maven-3.5.3, PROGRAMFILES=C:\Program Files, PSMODULEPATH=C:\Program Files\WindowsPowerShell\Modules;C:\windows\system32\WindowsPowerShell\v1.0\Modules;C:\Program Files (x86)\Microsoft Azure Information Protection\Powershell, PROGRAMDATA=C:\ProgramData, USERNAME=RU20012347, USERDNSDOMAIN=WIPRO.COM, FPS_BROWSER_USER_PROFILE_STRING=Default, ONEDRIVE=C:\Users\RU20012347\OneDrive, PATHEXT=.COM;.EXE;.BAT;.CMD;.VBS;.VBE;.JS;.JSE;.WSF;.WSH;.MSC, WINDIR=C:\windows, HOMEPATH=\Users\RU20012347, PROCESSOR_IDENTIFIER=Intel64 Family 6 Model 142 Stepping 9, GenuineIntel, M2_HOME=D:\Softwares\apache-maven-3.5.3-bin\apache-maven-3.5.3;D:\Softwares\apache-maven-3.5.3-bin\apache-maven-3.5.3\bin, PUBLIC=C:\Users\Public, =::=::\, LOCALAPPDATA=C:\Users\RU20012347\AppData\Local, COMMONPROGRAMFILES(X86)=C:\Program Files (x86)\Common Files, USERDOMAIN=WIPRO, FPS_BROWSER_APP_PROFILE_STRING=Internet Explorer, LOGONSERVER=\\CHN-SNR-DC06, JAVA_HOME=C:\Program Files\Java\jdk1.8.0_151, PROMPT=$P$G, PROGRAMFILES(X86)=C:\Program Files (x86), =C:=C:\, APPDATA=C:\Users\RU20012347\AppData\Roaming, PROGRAMW6432=C:\Program Files, SYSTEMROOT=C:\windows, NEXTHINK=C:\Program Files\Nexthink, OS=Windows_NT, COMMONPROGRAMW6432=C:\Program Files\Common Files, COMPUTERNAME=L-156153711, COMMONPROGRAMFILES=C:\Program Files\Common Files, COMSPEC=C:\windows\system32\cmd.exe, SAP_IPV6_ACTIVE=1, PROCESSOR_REVISION=8e09, UATDATA=C:\Windows\CCM\UATData\D9F8C395-CAB8-491d-B8AC-179A1FE1BE77, =D:=D:\c967784-spring-boot-coding-exercise-f23e9d5fe4dc\microservice, TEMP=C:\Users\RU20012347\AppData\Local\Temp, HOMEDRIVE=C:, USERPROFILE=C:\Users\RU20012347, TMP=C:\Users\RU20012347\AppData\Local\Temp, NUMBER_OF_PROCESSORS=4}}]
16:27:24.960 [main] DEBUG org.springframework.core.io.support.PathMatchingResourcePatternResolver - Resolved classpath location [com/telstra/codechallenge/] to resources [URL [file:/D:/c967784-spring-boot-coding-exercise-f23e9d5fe4dc/microservice/target/test-classes/com/telstra/codechallenge/], URL [file:/D:/c967784-spring-boot-coding-exercise-f23e9d5fe4dc/microservice/target/classes/com/telstra/codechallenge/]]
16:27:24.960 [main] DEBUG org.springframework.core.io.support.PathMatchingResourcePatternResolver - Looking for matching resources in directory tree [D:\c967784-spring-boot-coding-exercise-f23e9d5fe4dc\microservice\target\test-classes\com\telstra\codechallenge]
16:27:24.960 [main] DEBUG org.springframework.core.io.support.PathMatchingResourcePatternResolver - Searching directory [D:\c967784-spring-boot-coding-exercise-f23e9d5fe4dc\microservice\target\test-classes\com\telstra\codechallenge] for files matching pattern [D:/c967784-spring-boot-coding-exercise-f23e9d5fe4dc/microservice/target/test-classes/com/telstra/codechallenge/*.class]
16:27:24.975 [main] DEBUG org.springframework.core.io.support.PathMatchingResourcePatternResolver - Looking for matching resources in directory tree [D:\c967784-spring-boot-coding-exercise-f23e9d5fe4dc\microservice\target\classes\com\telstra\codechallenge]
16:27:24.975 [main] DEBUG org.springframework.core.io.support.PathMatchingResourcePatternResolver - Searching directory [D:\c967784-spring-boot-coding-exercise-f23e9d5fe4dc\microservice\target\classes\com\telstra\codechallenge] for files matching pattern [D:/c967784-spring-boot-coding-exercise-f23e9d5fe4dc/microservice/target/classes/com/telstra/codechallenge/*.class]
16:27:24.975 [main] DEBUG org.springframework.core.io.support.PathMatchingResourcePatternResolver - Resolved location pattern [classpath*:com/telstra/codechallenge/*.class] to resources [file [D:\c967784-spring-boot-coding-exercise-f23e9d5fe4dc\microservice\target\test-classes\com\telstra\codechallenge\HottestRepoCreatedLastWeekTest.class], file [D:\c967784-spring-boot-coding-exercise-f23e9d5fe4dc\microservice\target\test-classes\com\telstra\codechallenge\ZeroFollowersTest.class], file [D:\c967784-spring-boot-coding-exercise-f23e9d5fe4dc\microservice\target\classes\com\telstra\codechallenge\MicroServiceMain.class]]
16:27:25.112 [main] DEBUG org.springframework.context.annotation.ClassPathScanningCandidateComponentProvider - Identified candidate component class: file [D:\c967784-spring-boot-coding-exercise-f23e9d5fe4dc\microservice\target\classes\com\telstra\codechallenge\MicroServiceMain.class]
16:27:25.119 [main] INFO org.springframework.boot.test.context.SpringBootTestContextBootstrapper - Found @SpringBootConfiguration com.telstra.codechallenge.MicroServiceMain for test class com.telstra.codechallenge.HottestRepoCreatedLastWeekTest
16:27:25.120 [main] DEBUG org.springframework.boot.test.context.SpringBootTestContextBootstrapper - @TestExecutionListeners is not present for class [com.telstra.codechallenge.HottestRepoCreatedLastWeekTest]: using defaults.
16:27:25.120 [main] INFO org.springframework.boot.test.context.SpringBootTestContextBootstrapper - Loaded default TestExecutionListener class names from location [META-INF/spring.factories]: [org.springframework.boot.test.mock.mockito.MockitoTestExecutionListener, org.springframework.boot.test.mock.mockito.ResetMocksTestExecutionListener, org.springframework.boot.test.autoconfigure.restdocs.RestDocsTestExecutionListener, org.springframework.boot.test.autoconfigure.web.client.MockRestServiceServerResetTestExecutionListener, org.springframework.boot.test.autoconfigure.web.servlet.MockMvcPrintOnlyOnFailureTestExecutionListener, org.springframework.boot.test.autoconfigure.web.servlet.WebDriverTestExecutionListener, org.springframework.test.context.web.ServletTestExecutionListener, org.springframework.test.context.support.DirtiesContextBeforeModesTestExecutionListener, org.springframework.test.context.support.DependencyInjectionTestExecutionListener, org.springframework.test.context.support.DirtiesContextTestExecutionListener, org.springframework.test.context.transaction.TransactionalTestExecutionListener, org.springframework.test.context.jdbc.SqlScriptsTestExecutionListener]
16:27:25.151 [main] DEBUG org.springframework.boot.test.context.SpringBootTestContextBootstrapper - Could not instantiate TestExecutionListener [org.springframework.test.context.transaction.TransactionalTestExecutionListener]. Specify custom listener classes or make the default listener classes (and their required dependencies) available. Offending class: [org/springframework/transaction/interceptor/TransactionAttributeSource]
16:27:25.151 [main] DEBUG org.springframework.boot.test.context.SpringBootTestContextBootstrapper - Could not instantiate TestExecutionListener [org.springframework.test.context.jdbc.SqlScriptsTestExecutionListener]. Specify custom listener classes or make the default listener classes (and their required dependencies) available. Offending class: [org/springframework/transaction/interceptor/TransactionAttribute]
16:27:25.167 [main] INFO org.springframework.boot.test.context.SpringBootTestContextBootstrapper - Using TestExecutionListeners: [org.springframework.test.context.web.ServletTestExecutionListener@717d7587, org.springframework.test.context.support.DirtiesContextBeforeModesTestExecutionListener@3e906375, org.springframework.boot.test.autoconfigure.SpringBootDependencyInjectionTestExecutionListener@40230eb9, org.springframework.test.context.support.DirtiesContextTestExecutionListener@5b7aa898, org.springframework.boot.test.mock.mockito.MockitoTestExecutionListener@41b13f3d, org.springframework.boot.test.mock.mockito.ResetMocksTestExecutionListener@7c0777b5, org.springframework.boot.test.autoconfigure.restdocs.RestDocsTestExecutionListener@2489e84a, org.springframework.boot.test.autoconfigure.web.client.MockRestServiceServerResetTestExecutionListener@2a39aa2b, org.springframework.boot.test.autoconfigure.web.servlet.MockMvcPrintOnlyOnFailureTestExecutionListener@62b93086, org.springframework.boot.test.autoconfigure.web.servlet.WebDriverTestExecutionListener@254449bb]
16:27:25.178 [main] DEBUG org.springframework.test.annotation.ProfileValueUtils - Retrieved @ProfileValueSourceConfiguration [null] for test class [com.telstra.codechallenge.HottestRepoCreatedLastWeekTest]
16:27:25.179 [main] DEBUG org.springframework.test.annotation.ProfileValueUtils - Retrieved ProfileValueSource type [class org.springframework.test.annotation.SystemProfileValueSource] for class [com.telstra.codechallenge.HottestRepoCreatedLastWeekTest]
16:27:25.180 [main] DEBUG org.springframework.test.annotation.ProfileValueUtils - Retrieved @ProfileValueSourceConfiguration [null] for test class [com.telstra.codechallenge.HottestRepoCreatedLastWeekTest]
16:27:25.181 [main] DEBUG org.springframework.test.annotation.ProfileValueUtils - Retrieved ProfileValueSource type [class org.springframework.test.annotation.SystemProfileValueSource] for class [com.telstra.codechallenge.HottestRepoCreatedLastWeekTest]
16:27:25.185 [main] DEBUG org.springframework.test.context.support.AbstractDirtiesContextTestExecutionListener - Before test class: context [DefaultTestContext@76130a29 testClass = HottestRepoCreatedLastWeekTest, testInstance = [null], testMethod = [null], testException = [null], mergedContextConfiguration = [WebMergedContextConfiguration@124d02b2 testClass = HottestRepoCreatedLastWeekTest, locations = &apos;{}&apos;, classes = &apos;{class com.telstra.codechallenge.MicroServiceMain}&apos;, contextInitializerClasses = &apos;[]&apos;, activeProfiles = &apos;{}&apos;, propertySourceLocations = &apos;{}&apos;, propertySourceProperties = &apos;{org.springframework.boot.test.context.SpringBootTestContextBootstrapper=true, server.port=0}&apos;, contextCustomizers = set[org.springframework.boot.test.context.SpringBootTestContextCustomizer@726a6b94, org.springframework.boot.test.context.filter.ExcludeFilterContextCustomizer@7c8326a4, org.springframework.boot.test.json.DuplicateJsonObjectContextCustomizerFactory$DuplicateJsonObjectContextCustomizer@4565a70a, org.springframework.boot.test.mock.mockito.MockitoContextCustomizer@0, org.springframework.boot.test.autoconfigure.properties.PropertyMappingContextCustomizer@0, org.springframework.boot.test.autoconfigure.web.servlet.WebDriverContextCustomizerFactory$Customizer@43826ec], resourceBasePath = &apos;src/main/webapp&apos;, contextLoader = &apos;org.springframework.boot.test.context.SpringBootContextLoader&apos;, parent = [null]]], class annotated with @DirtiesContext [false] with mode [null].
16:27:25.185 [main] DEBUG org.springframework.test.annotation.ProfileValueUtils - Retrieved @ProfileValueSourceConfiguration [null] for test class [com.telstra.codechallenge.HottestRepoCreatedLastWeekTest]
16:27:25.185 [main] DEBUG org.springframework.test.annotation.ProfileValueUtils - Retrieved ProfileValueSource type [class org.springframework.test.annotation.SystemProfileValueSource] for class [com.telstra.codechallenge.HottestRepoCreatedLastWeekTest]
16:27:25.201 [main] DEBUG org.springframework.test.context.support.DependencyInjectionTestExecutionListener - Performing dependency injection for test context [[DefaultTestContext@76130a29 testClass = HottestRepoCreatedLastWeekTest, testInstance = com.telstra.codechallenge.HottestRepoCreatedLastWeekTest@594d9f07, testMethod = [null], testException = [null], mergedContextConfiguration = [WebMergedContextConfiguration@124d02b2 testClass = HottestRepoCreatedLastWeekTest, locations = &apos;{}&apos;, classes = &apos;{class com.telstra.codechallenge.MicroServiceMain}&apos;, contextInitializerClasses = &apos;[]&apos;, activeProfiles = &apos;{}&apos;, propertySourceLocations = &apos;{}&apos;, propertySourceProperties = &apos;{org.springframework.boot.test.context.SpringBootTestContextBootstrapper=true, server.port=0}&apos;, contextCustomizers = set[org.springframework.boot.test.context.SpringBootTestContextCustomizer@726a6b94, org.springframework.boot.test.context.filter.ExcludeFilterContextCustomizer@7c8326a4, org.springframework.boot.test.json.DuplicateJsonObjectContextCustomizerFactory$DuplicateJsonObjectContextCustomizer@4565a70a, org.springframework.boot.test.mock.mockito.MockitoContextCustomizer@0, org.springframework.boot.test.autoconfigure.properties.PropertyMappingContextCustomizer@0, org.springframework.boot.test.autoconfigure.web.servlet.WebDriverContextCustomizerFactory$Customizer@43826ec], resourceBasePath = &apos;src/main/webapp&apos;, contextLoader = &apos;org.springframework.boot.test.context.SpringBootContextLoader&apos;, parent = [null]]]].
16:27:25.341 [main] DEBUG org.springframework.core.env.StandardEnvironment - Adding PropertySource &apos;systemProperties&apos; with lowest search precedence
16:27:25.341 [main] DEBUG org.springframework.core.env.StandardEnvironment - Adding PropertySource &apos;systemEnvironment&apos; with lowest search precedence
16:27:25.341 [main] DEBUG org.springframework.core.env.StandardEnvironment - Initialized StandardEnvironment with PropertySources [MapPropertySource@3981395 {name=&apos;systemProperties&apos;, properties={java.runtime.name=Java(TM) SE Runtime Environment, sun.boot.library.path=C:\Program Files\Java\jdk1.8.0_151\jre\bin, java.vm.version=25.151-b12, java.vm.vendor=Oracle Corporation, java.vendor.url=http://java.oracle.com/, path.separator=;, java.vm.name=Java HotSpot(TM) 64-Bit Server VM, file.encoding.pkg=sun.io, user.country=US, user.script=, sun.java.launcher=SUN_STANDARD, sun.os.patch.level=, java.vm.specification.name=Java Virtual Machine Specification, user.dir=D:\c967784-spring-boot-coding-exercise-f23e9d5fe4dc\microservice, java.runtime.version=1.8.0_151-b12, basedir=D:\c967784-spring-boot-coding-exercise-f23e9d5fe4dc\microservice, java.awt.graphicsenv=sun.awt.Win32GraphicsEnvironment, java.endorsed.dirs=C:\Program Files\Java\jdk1.8.0_151\jre\lib\endorsed, os.arch=amd64, surefire.real.class.path=D:\c967784-spring-boot-coding-exercise-f23e9d5fe4dc\microservice\target\surefire\surefirebooter3404818753480908729.jar;C:\\Users\\RU20012347\\.m2\\repository\\org\\jacoco\\org.jacoco.agent\\0.8.0\\org.jacoco.agent-0.8.0-runtime.jar, java.io.tmpdir=C:\Users\RU20012347\AppData\Local\Temp\, line.separator=
, java.vm.specification.vendor=Oracle Corporation, user.variant=, os.name=Windows 10, sun.jnu.encoding=Cp1252, java.library.path=C:\Program Files\Java\jdk1.8.0_151\jre\bin;C:\windows\Sun\Java\bin;C:\windows\system32;C:\windows;C:/Program Files/Java/jre1.8.0_131/bin/server;C:/Program Files/Java/jre1.8.0_131/bin;C:/Program Files/Java/jre1.8.0_131/lib/amd64;C:\ProgramData\Oracle\Java\javapath;C:\windows\system32;C:\windows;C:\windows\System32\Wbem;C:\windows\System32\WindowsPowerShell\v1.0\;C:\Program Files\Git\cmd;C:\Users\RU20012347\AppData\Local\Microsoft\WindowsApps;;D:\Softwares\sts-bundle\sts-3.9.1.RELEASE;;., surefire.test.class.path=D:\c967784-spring-boot-coding-exercise-f23e9d5fe4dc\microservice\target\test-classes;D:\c967784-spring-boot-coding-exercise-f23e9d5fe4dc\microservice\target\classes;C:\Users\RU20012347\.m2\repository\org\springframework\cloud\spring-cloud-starter-hystrix\1.4.4.RELEASE\spring-cloud-starter-hystrix-1.4.4.RELEASE.jar;C:\Users\RU20012347\.m2\repository\org\springframework\cloud\spring-cloud-starter-netflix-hystrix\1.4.4.RELEASE\spring-cloud-starter-netflix-hystrix-1.4.4.RELEASE.jar;C:\Users\RU20012347\.m2\repository\org\springframework\cloud\spring-cloud-starter\1.3.3.RELEASE\spring-cloud-starter-1.3.3.RELEASE.jar;C:\Users\RU20012347\.m2\repository\org\springframework\cloud\spring-cloud-context\1.3.3.RELEASE\spring-cloud-context-1.3.3.RELEASE.jar;C:\Users\RU20012347\.m2\repository\org\springframework\security\spring-security-crypto\4.2.4.RELEASE\spring-security-crypto-4.2.4.RELEASE.jar;C:\Users\RU20012347\.m2\repository\org\springframework\cloud\spring-cloud-commons\1.3.3.RELEASE\spring-cloud-commons-1.3.3.RELEASE.jar;C:\Users\RU20012347\.m2\repository\org\apache\httpcomponents\httpclient\4.5.1\httpclient-4.5.1.jar;C:\Users\RU20012347\.m2\repository\org\apache\httpcomponents\httpcore\4.4.3\httpcore-4.4.3.jar;C:\Users\RU20012347\.m2\repository\commons-codec\commons-codec\1.9\commons-codec-1.9.jar;C:\Users\RU20012347\.m2\repository\org\springframework\security\spring-security-rsa\1.0.3.RELEASE\spring-security-rsa-1.0.3.RELEASE.jar;C:\Users\RU20012347\.m2\repository\org\bouncycastle\bcpkix-jdk15on\1.55\bcpkix-jdk15on-1.55.jar;C:\Users\RU20012347\.m2\repository\org\bouncycastle\bcprov-jdk15on\1.55\bcprov-jdk15on-1.55.jar;C:\Users\RU20012347\.m2\repository\org\springframework\cloud\spring-cloud-netflix-core\1.4.4.RELEASE\spring-cloud-netflix-core-1.4.4.RELEASE.jar;C:\Users\RU20012347\.m2\repository\org\springframework\cloud\spring-cloud-starter-netflix-archaius\1.4.4.RELEASE\spring-cloud-starter-netflix-archaius-1.4.4.RELEASE.jar;C:\Users\RU20012347\.m2\repository\com\netflix\archaius\archaius-core\0.7.4\archaius-core-0.7.4.jar;C:\Users\RU20012347\.m2\repository\com\google\code\findbugs\jsr305\3.0.1\jsr305-3.0.1.jar;C:\Users\RU20012347\.m2\repository\commons-configuration\commons-configuration\1.8\commons-configuration-1.8.jar;C:\Users\RU20012347\.m2\repository\commons-lang\commons-lang\2.6\commons-lang-2.6.jar;C:\Users\RU20012347\.m2\repository\com\google\guava\guava\18.0\guava-18.0.jar;C:\Users\RU20012347\.m2\repository\com\netflix\hystrix\hystrix-core\1.5.12\hystrix-core-1.5.12.jar;C:\Users\RU20012347\.m2\repository\io\reactivex\rxjava\1.2.0\rxjava-1.2.0.jar;C:\Users\RU20012347\.m2\repository\org\hdrhistogram\HdrHistogram\2.1.9\HdrHistogram-2.1.9.jar;C:\Users\RU20012347\.m2\repository\com\netflix\hystrix\hystrix-metrics-event-stream\1.5.12\hystrix-metrics-event-stream-1.5.12.jar;C:\Users\RU20012347\.m2\repository\com\netflix\hystrix\hystrix-serialization\1.5.12\hystrix-serialization-1.5.12.jar;C:\Users\RU20012347\.m2\repository\com\fasterxml\jackson\module\jackson-module-afterburner\2.7.5\jackson-module-afterburner-2.7.5.jar;C:\Users\RU20012347\.m2\repository\com\netflix\hystrix\hystrix-javanica\1.5.12\hystrix-javanica-1.5.12.jar;C:\Users\RU20012347\.m2\repository\org\apache\commons\commons-lang3\3.1\commons-lang3-3.1.jar;C:\Users\RU20012347\.m2\repository\org\ow2\asm\asm\5.0.4\asm-5.0.4.jar;C:\Users\RU20012347\.m2\repository\org\aspectj\aspectjweaver\1.8.6\aspectjweaver-1.8.6.jar;C:\Users\RU20012347\.m2\repository\org\springframework\boot\spring-boot-devtools\1.5.10.RELEASE\spring-boot-devtools-1.5.10.RELEASE.jar;C:\Users\RU20012347\.m2\repository\org\springframework\boot\spring-boot\1.5.10.RELEASE\spring-boot-1.5.10.RELEASE.jar;C:\Users\RU20012347\.m2\repository\org\springframework\spring-context\4.3.14.RELEASE\spring-context-4.3.14.RELEASE.jar;C:\Users\RU20012347\.m2\repository\org\springframework\boot\spring-boot-starter-actuator\1.5.10.RELEASE\spring-boot-starter-actuator-1.5.10.RELEASE.jar;C:\Users\RU20012347\.m2\repository\org\springframework\boot\spring-boot-starter\1.5.10.RELEASE\spring-boot-starter-1.5.10.RELEASE.jar;C:\Users\RU20012347\.m2\repository\org\springframework\boot\spring-boot-starter-logging\1.5.10.RELEASE\spring-boot-starter-logging-1.5.10.RELEASE.jar;C:\Users\RU20012347\.m2\repository\ch\qos\logback\logback-classic\1.1.11\logback-classic-1.1.11.jar;C:\Users\RU20012347\.m2\repository\ch\qos\logback\logback-core\1.1.11\logback-core-1.1.11.jar;C:\Users\RU20012347\.m2\repository\org\slf4j\log4j-over-slf4j\1.7.25\log4j-over-slf4j-1.7.25.jar;C:\Users\RU20012347\.m2\repository\org\yaml\snakeyaml\1.17\snakeyaml-1.17.jar;C:\Users\RU20012347\.m2\repository\org\springframework\boot\spring-boot-actuator\1.5.10.RELEASE\spring-boot-actuator-1.5.10.RELEASE.jar;C:\Users\RU20012347\.m2\repository\org\springframework\boot\spring-boot-starter-security\1.5.10.RELEASE\spring-boot-starter-security-1.5.10.RELEASE.jar;C:\Users\RU20012347\.m2\repository\org\springframework\spring-aop\4.3.14.RELEASE\spring-aop-4.3.14.RELEASE.jar;C:\Users\RU20012347\.m2\repository\org\springframework\spring-beans\4.3.14.RELEASE\spring-beans-4.3.14.RELEASE.jar;C:\Users\RU20012347\.m2\repository\org\springframework\security\spring-security-config\4.2.4.RELEASE\spring-security-config-4.2.4.RELEASE.jar;C:\Users\RU20012347\.m2\repository\org\springframework\security\spring-security-core\4.2.4.RELEASE\spring-security-core-4.2.4.RELEASE.jar;C:\Users\RU20012347\.m2\repository\org\springframework\security\spring-security-web\4.2.4.RELEASE\spring-security-web-4.2.4.RELEASE.jar;C:\Users\RU20012347\.m2\repository\org\springframework\spring-expression\4.3.12.RELEASE\spring-expression-4.3.12.RELEASE.jar;C:\Users\RU20012347\.m2\repository\org\springframework\boot\spring-boot-starter-web\1.5.10.RELEASE\spring-boot-starter-web-1.5.10.RELEASE.jar;C:\Users\RU20012347\.m2\repository\org\springframework\boot\spring-boot-starter-tomcat\1.5.10.RELEASE\spring-boot-starter-tomcat-1.5.10.RELEASE.jar;C:\Users\RU20012347\.m2\repository\org\apache\tomcat\embed\tomcat-embed-core\8.5.27\tomcat-embed-core-8.5.27.jar;C:\Users\RU20012347\.m2\repository\org\apache\tomcat\tomcat-annotations-api\8.5.27\tomcat-annotations-api-8.5.27.jar;C:\Users\RU20012347\.m2\repository\org\apache\tomcat\embed\tomcat-embed-el\8.5.27\tomcat-embed-el-8.5.27.jar;C:\Users\RU20012347\.m2\repository\org\apache\tomcat\embed\tomcat-embed-websocket\8.5.27\tomcat-embed-websocket-8.5.27.jar;C:\Users\RU20012347\.m2\repository\org\hibernate\hibernate-validator\5.3.6.Final\hibernate-validator-5.3.6.Final.jar;C:\Users\RU20012347\.m2\repository\javax\validation\validation-api\1.1.0.Final\validation-api-1.1.0.Final.jar;C:\Users\RU20012347\.m2\repository\org\jboss\logging\jboss-logging\3.3.0.Final\jboss-logging-3.3.0.Final.jar;C:\Users\RU20012347\.m2\repository\com\fasterxml\classmate\1.3.1\classmate-1.3.1.jar;C:\Users\RU20012347\.m2\repository\com\fasterxml\jackson\core\jackson-databind\2.8.10\jackson-databind-2.8.10.jar;C:\Users\RU20012347\.m2\repository\com\fasterxml\jackson\core\jackson-annotations\2.8.0\jackson-annotations-2.8.0.jar;C:\Users\RU20012347\.m2\repository\com\fasterxml\jackson\core\jackson-core\2.8.10\jackson-core-2.8.10.jar;C:\Users\RU20012347\.m2\repository\org\springframework\spring-web\4.3.14.RELEASE\spring-web-4.3.14.RELEASE.jar;C:\Users\RU20012347\.m2\repository\org\springframework\spring-webmvc\4.3.14.RELEASE\spring-webmvc-4.3.14.RELEASE.jar;C:\Users\RU20012347\.m2\repository\org\springframework\boot\spring-boot-starter-test\1.5.10.RELEASE\spring-boot-starter-test-1.5.10.RELEASE.jar;C:\Users\RU20012347\.m2\repository\org\springframework\boot\spring-boot-test\1.5.10.RELEASE\spring-boot-test-1.5.10.RELEASE.jar;C:\Users\RU20012347\.m2\repository\org\springframework\boot\spring-boot-test-autoconfigure\1.5.10.RELEASE\spring-boot-test-autoconfigure-1.5.10.RELEASE.jar;C:\Users\RU20012347\.m2\repository\com\jayway\jsonpath\json-path\2.2.0\json-path-2.2.0.jar;C:\Users\RU20012347\.m2\repository\net\minidev\json-smart\2.2.1\json-smart-2.2.1.jar;C:\Users\RU20012347\.m2\repository\net\minidev\accessors-smart\1.1\accessors-smart-1.1.jar;C:\Users\RU20012347\.m2\repository\org\slf4j\slf4j-api\1.7.16\slf4j-api-1.7.16.jar;C:\Users\RU20012347\.m2\repository\org\assertj\assertj-core\2.6.0\assertj-core-2.6.0.jar;C:\Users\RU20012347\.m2\repository\org\mockito\mockito-core\1.10.19\mockito-core-1.10.19.jar;C:\Users\RU20012347\.m2\repository\org\objenesis\objenesis\2.1\objenesis-2.1.jar;C:\Users\RU20012347\.m2\repository\org\hamcrest\hamcrest-core\1.3\hamcrest-core-1.3.jar;C:\Users\RU20012347\.m2\repository\org\hamcrest\hamcrest-library\1.3\hamcrest-library-1.3.jar;C:\Users\RU20012347\.m2\repository\org\skyscreamer\jsonassert\1.4.0\jsonassert-1.4.0.jar;C:\Users\RU20012347\.m2\repository\com\vaadin\external\google\android-json\0.0.20131108.vaadin1\android-json-0.0.20131108.vaadin1.jar;C:\Users\RU20012347\.m2\repository\org\springframework\spring-core\4.3.14.RELEASE\spring-core-4.3.14.RELEASE.jar;C:\Users\RU20012347\.m2\repository\org\springframework\spring-test\4.3.14.RELEASE\spring-test-4.3.14.RELEASE.jar;C:\Users\RU20012347\.m2\repository\org\springframework\boot\spring-boot-autoconfigure\1.5.10.RELEASE\spring-boot-autoconfigure-1.5.10.RELEASE.jar;C:\Users\RU20012347\.m2\repository\org\springframework\boot\spring-boot-starter-log4j2\1.5.10.RELEASE\spring-boot-starter-log4j2-1.5.10.RELEASE.jar;C:\Users\RU20012347\.m2\repository\org\apache\logging\log4j\log4j-slf4j-impl\2.7\log4j-slf4j-impl-2.7.jar;C:\Users\RU20012347\.m2\repository\org\apache\logging\log4j\log4j-api\2.7\log4j-api-2.7.jar;C:\Users\RU20012347\.m2\repository\org\apache\logging\log4j\log4j-core\2.7\log4j-core-2.7.jar;C:\Users\RU20012347\.m2\repository\org\slf4j\jcl-over-slf4j\1.7.25\jcl-over-slf4j-1.7.25.jar;C:\Users\RU20012347\.m2\repository\org\slf4j\jul-to-slf4j\1.7.25\jul-to-slf4j-1.7.25.jar;C:\Users\RU20012347\.m2\repository\org\projectlombok\lombok\1.16.18\lombok-1.16.18.jar;C:\Users\RU20012347\.m2\repository\org\json\json\20080701\json-20080701.jar;C:\Users\RU20012347\.m2\repository\junit\junit\4.12\junit-4.12.jar;, java.specification.name=Java Platform API Specification, java.class.version=52.0, sun.management.compiler=HotSpot 64-Bit Tiered Compilers, os.version=10.0, user.home=C:\Users\RU20012347, user.timezone=Asia/Calcutta, java.awt.printerjob=sun.awt.windows.WPrinterJob, file.encoding=Cp1252, java.specification.version=1.8, java.class.path=D:\c967784-spring-boot-coding-exercise-f23e9d5fe4dc\microservice\target\test-classes;D:\c967784-spring-boot-coding-exercise-f23e9d5fe4dc\microservice\target\classes;C:\Users\RU20012347\.m2\repository\org\springframework\cloud\spring-cloud-starter-hystrix\1.4.4.RELEASE\spring-cloud-starter-hystrix-1.4.4.RELEASE.jar;C:\Users\RU20012347\.m2\repository\org\springframework\cloud\spring-cloud-starter-netflix-hystrix\1.4.4.RELEASE\spring-cloud-starter-netflix-hystrix-1.4.4.RELEASE.jar;C:\Users\RU20012347\.m2\repository\org\springframework\cloud\spring-cloud-starter\1.3.3.RELEASE\spring-cloud-starter-1.3.3.RELEASE.jar;C:\Users\RU20012347\.m2\repository\org\springframework\cloud\spring-cloud-context\1.3.3.RELEASE\spring-cloud-context-1.3.3.RELEASE.jar;C:\Users\RU20012347\.m2\repository\org\springframework\security\spring-security-crypto\4.2.4.RELEASE\spring-security-crypto-4.2.4.RELEASE.jar;C:\Users\RU20012347\.m2\repository\org\springframework\cloud\spring-cloud-commons\1.3.3.RELEASE\spring-cloud-commons-1.3.3.RELEASE.jar;C:\Users\RU20012347\.m2\repository\org\apache\httpcomponents\httpclient\4.5.1\httpclient-4.5.1.jar;C:\Users\RU20012347\.m2\repository\org\apache\httpcomponents\httpcore\4.4.3\httpcore-4.4.3.jar;C:\Users\RU20012347\.m2\repository\commons-codec\commons-codec\1.9\commons-codec-1.9.jar;C:\Users\RU20012347\.m2\repository\org\springframework\security\spring-security-rsa\1.0.3.RELEASE\spring-security-rsa-1.0.3.RELEASE.jar;C:\Users\RU20012347\.m2\repository\org\bouncycastle\bcpkix-jdk15on\1.55\bcpkix-jdk15on-1.55.jar;C:\Users\RU20012347\.m2\repository\org\bouncycastle\bcprov-jdk15on\1.55\bcprov-jdk15on-1.55.jar;C:\Users\RU20012347\.m2\repository\org\springframework\cloud\spring-cloud-netflix-core\1.4.4.RELEASE\spring-cloud-netflix-core-1.4.4.RELEASE.jar;C:\Users\RU20012347\.m2\repository\org\springframework\cloud\spring-cloud-starter-netflix-archaius\1.4.4.RELEASE\spring-cloud-starter-netflix-archaius-1.4.4.RELEASE.jar;C:\Users\RU20012347\.m2\repository\com\netflix\archaius\archaius-core\0.7.4\archaius-core-0.7.4.jar;C:\Users\RU20012347\.m2\repository\com\google\code\findbugs\jsr305\3.0.1\jsr305-3.0.1.jar;C:\Users\RU20012347\.m2\repository\commons-configuration\commons-configuration\1.8\commons-configuration-1.8.jar;C:\Users\RU20012347\.m2\repository\commons-lang\commons-lang\2.6\commons-lang-2.6.jar;C:\Users\RU20012347\.m2\repository\com\google\guava\guava\18.0\guava-18.0.jar;C:\Users\RU20012347\.m2\repository\com\netflix\hystrix\hystrix-core\1.5.12\hystrix-core-1.5.12.jar;C:\Users\RU20012347\.m2\repository\io\reactivex\rxjava\1.2.0\rxjava-1.2.0.jar;C:\Users\RU20012347\.m2\repository\org\hdrhistogram\HdrHistogram\2.1.9\HdrHistogram-2.1.9.jar;C:\Users\RU20012347\.m2\repository\com\netflix\hystrix\hystrix-metrics-event-stream\1.5.12\hystrix-metrics-event-stream-1.5.12.jar;C:\Users\RU20012347\.m2\repository\com\netflix\hystrix\hystrix-serialization\1.5.12\hystrix-serialization-1.5.12.jar;C:\Users\RU20012347\.m2\repository\com\fasterxml\jackson\module\jackson-module-afterburner\2.7.5\jackson-module-afterburner-2.7.5.jar;C:\Users\RU20012347\.m2\repository\com\netflix\hystrix\hystrix-javanica\1.5.12\hystrix-javanica-1.5.12.jar;C:\Users\RU20012347\.m2\repository\org\apache\commons\commons-lang3\3.1\commons-lang3-3.1.jar;C:\Users\RU20012347\.m2\repository\org\ow2\asm\asm\5.0.4\asm-5.0.4.jar;C:\Users\RU20012347\.m2\repository\org\aspectj\aspectjweaver\1.8.6\aspectjweaver-1.8.6.jar;C:\Users\RU20012347\.m2\repository\org\springframework\boot\spring-boot-devtools\1.5.10.RELEASE\spring-boot-devtools-1.5.10.RELEASE.jar;C:\Users\RU20012347\.m2\repository\org\springframework\boot\spring-boot\1.5.10.RELEASE\spring-boot-1.5.10.RELEASE.jar;C:\Users\RU20012347\.m2\repository\org\springframework\spring-context\4.3.14.RELEASE\spring-context-4.3.14.RELEASE.jar;C:\Users\RU20012347\.m2\repository\org\springframework\boot\spring-boot-starter-actuator\1.5.10.RELEASE\spring-boot-starter-actuator-1.5.10.RELEASE.jar;C:\Users\RU20012347\.m2\repository\org\springframework\boot\spring-boot-starter\1.5.10.RELEASE\spring-boot-starter-1.5.10.RELEASE.jar;C:\Users\RU20012347\.m2\repository\org\springframework\boot\spring-boot-starter-logging\1.5.10.RELEASE\spring-boot-starter-logging-1.5.10.RELEASE.jar;C:\Users\RU20012347\.m2\repository\ch\qos\logback\logback-classic\1.1.11\logback-classic-1.1.11.jar;C:\Users\RU20012347\.m2\repository\ch\qos\logback\logback-core\1.1.11\logback-core-1.1.11.jar;C:\Users\RU20012347\.m2\repository\org\slf4j\log4j-over-slf4j\1.7.25\log4j-over-slf4j-1.7.25.jar;C:\Users\RU20012347\.m2\repository\org\yaml\snakeyaml\1.17\snakeyaml-1.17.jar;C:\Users\RU20012347\.m2\repository\org\springframework\boot\spring-boot-actuator\1.5.10.RELEASE\spring-boot-actuator-1.5.10.RELEASE.jar;C:\Users\RU20012347\.m2\repository\org\springframework\boot\spring-boot-starter-security\1.5.10.RELEASE\spring-boot-starter-security-1.5.10.RELEASE.jar;C:\Users\RU20012347\.m2\repository\org\springframework\spring-aop\4.3.14.RELEASE\spring-aop-4.3.14.RELEASE.jar;C:\Users\RU20012347\.m2\repository\org\springframework\spring-beans\4.3.14.RELEASE\spring-beans-4.3.14.RELEASE.jar;C:\Users\RU20012347\.m2\repository\org\springframework\security\spring-security-config\4.2.4.RELEASE\spring-security-config-4.2.4.RELEASE.jar;C:\Users\RU20012347\.m2\repository\org\springframework\security\spring-security-core\4.2.4.RELEASE\spring-security-core-4.2.4.RELEASE.jar;C:\Users\RU20012347\.m2\repository\org\springframework\security\spring-security-web\4.2.4.RELEASE\spring-security-web-4.2.4.RELEASE.jar;C:\Users\RU20012347\.m2\repository\org\springframework\spring-expression\4.3.12.RELEASE\spring-expression-4.3.12.RELEASE.jar;C:\Users\RU20012347\.m2\repository\org\springframework\boot\spring-boot-starter-web\1.5.10.RELEASE\spring-boot-starter-web-1.5.10.RELEASE.jar;C:\Users\RU20012347\.m2\repository\org\springframework\boot\spring-boot-starter-tomcat\1.5.10.RELEASE\spring-boot-starter-tomcat-1.5.10.RELEASE.jar;C:\Users\RU20012347\.m2\repository\org\apache\tomcat\embed\tomcat-embed-core\8.5.27\tomcat-embed-core-8.5.27.jar;C:\Users\RU20012347\.m2\repository\org\apache\tomcat\tomcat-annotations-api\8.5.27\tomcat-annotations-api-8.5.27.jar;C:\Users\RU20012347\.m2\repository\org\apache\tomcat\embed\tomcat-embed-el\8.5.27\tomcat-embed-el-8.5.27.jar;C:\Users\RU20012347\.m2\repository\org\apache\tomcat\embed\tomcat-embed-websocket\8.5.27\tomcat-embed-websocket-8.5.27.jar;C:\Users\RU20012347\.m2\repository\org\hibernate\hibernate-validator\5.3.6.Final\hibernate-validator-5.3.6.Final.jar;C:\Users\RU20012347\.m2\repository\javax\validation\validation-api\1.1.0.Final\validation-api-1.1.0.Final.jar;C:\Users\RU20012347\.m2\repository\org\jboss\logging\jboss-logging\3.3.0.Final\jboss-logging-3.3.0.Final.jar;C:\Users\RU20012347\.m2\repository\com\fasterxml\classmate\1.3.1\classmate-1.3.1.jar;C:\Users\RU20012347\.m2\repository\com\fasterxml\jackson\core\jackson-databind\2.8.10\jackson-databind-2.8.10.jar;C:\Users\RU20012347\.m2\repository\com\fasterxml\jackson\core\jackson-annotations\2.8.0\jackson-annotations-2.8.0.jar;C:\Users\RU20012347\.m2\repository\com\fasterxml\jackson\core\jackson-core\2.8.10\jackson-core-2.8.10.jar;C:\Users\RU20012347\.m2\repository\org\springframework\spring-web\4.3.14.RELEASE\spring-web-4.3.14.RELEASE.jar;C:\Users\RU20012347\.m2\repository\org\springframework\spring-webmvc\4.3.14.RELEASE\spring-webmvc-4.3.14.RELEASE.jar;C:\Users\RU20012347\.m2\repository\org\springframework\boot\spring-boot-starter-test\1.5.10.RELEASE\spring-boot-starter-test-1.5.10.RELEASE.jar;C:\Users\RU20012347\.m2\repository\org\springframework\boot\spring-boot-test\1.5.10.RELEASE\spring-boot-test-1.5.10.RELEASE.jar;C:\Users\RU20012347\.m2\repository\org\springframework\boot\spring-boot-test-autoconfigure\1.5.10.RELEASE\spring-boot-test-autoconfigure-1.5.10.RELEASE.jar;C:\Users\RU20012347\.m2\repository\com\jayway\jsonpath\json-path\2.2.0\json-path-2.2.0.jar;C:\Users\RU20012347\.m2\repository\net\minidev\json-smart\2.2.1\json-smart-2.2.1.jar;C:\Users\RU20012347\.m2\repository\net\minidev\accessors-smart\1.1\accessors-smart-1.1.jar;C:\Users\RU20012347\.m2\repository\org\slf4j\slf4j-api\1.7.16\slf4j-api-1.7.16.jar;C:\Users\RU20012347\.m2\repository\org\assertj\assertj-core\2.6.0\assertj-core-2.6.0.jar;C:\Users\RU20012347\.m2\repository\org\mockito\mockito-core\1.10.19\mockito-core-1.10.19.jar;C:\Users\RU20012347\.m2\repository\org\objenesis\objenesis\2.1\objenesis-2.1.jar;C:\Users\RU20012347\.m2\repository\org\hamcrest\hamcrest-core\1.3\hamcrest-core-1.3.jar;C:\Users\RU20012347\.m2\repository\org\hamcrest\hamcrest-library\1.3\hamcrest-library-1.3.jar;C:\Users\RU20012347\.m2\repository\org\skyscreamer\jsonassert\1.4.0\jsonassert-1.4.0.jar;C:\Users\RU20012347\.m2\repository\com\vaadin\external\google\android-json\0.0.20131108.vaadin1\android-json-0.0.20131108.vaadin1.jar;C:\Users\RU20012347\.m2\repository\org\springframework\spring-core\4.3.14.RELEASE\spring-core-4.3.14.RELEASE.jar;C:\Users\RU20012347\.m2\repository\org\springframework\spring-test\4.3.14.RELEASE\spring-test-4.3.14.RELEASE.jar;C:\Users\RU20012347\.m2\repository\org\springframework\boot\spring-boot-autoconfigure\1.5.10.RELEASE\spring-boot-autoconfigure-1.5.10.RELEASE.jar;C:\Users\RU20012347\.m2\repository\org\springframework\boot\spring-boot-starter-log4j2\1.5.10.RELEASE\spring-boot-starter-log4j2-1.5.10.RELEASE.jar;C:\Users\RU20012347\.m2\repository\org\apache\logging\log4j\log4j-slf4j-impl\2.7\log4j-slf4j-impl-2.7.jar;C:\Users\RU20012347\.m2\repository\org\apache\logging\log4j\log4j-api\2.7\log4j-api-2.7.jar;C:\Users\RU20012347\.m2\repository\org\apache\logging\log4j\log4j-core\2.7\log4j-core-2.7.jar;C:\Users\RU20012347\.m2\repository\org\slf4j\jcl-over-slf4j\1.7.25\jcl-over-slf4j-1.7.25.jar;C:\Users\RU20012347\.m2\repository\org\slf4j\jul-to-slf4j\1.7.25\jul-to-slf4j-1.7.25.jar;C:\Users\RU20012347\.m2\repository\org\projectlombok\lombok\1.16.18\lombok-1.16.18.jar;C:\Users\RU20012347\.m2\repository\org\json\json\20080701\json-20080701.jar;C:\Users\RU20012347\.m2\repository\junit\junit\4.12\junit-4.12.jar;, user.name=RU20012347, java.vm.specification.version=1.8, sun.java.command=D:\c967784-spring-boot-coding-exercise-f23e9d5fe4dc\microservice\target\surefire\surefirebooter3404818753480908729.jar D:\c967784-spring-boot-coding-exercise-f23e9d5fe4dc\microservice\target\surefire\surefire7230536505895548119tmp D:\c967784-spring-boot-coding-exercise-f23e9d5fe4dc\microservice\target\surefire\surefire348304647533328154tmp, java.home=C:\Program Files\Java\jdk1.8.0_151\jre, sun.arch.data.model=64, user.language=en, java.specification.vendor=Oracle Corporation, awt.toolkit=sun.awt.windows.WToolkit, java.vm.info=mixed mode, java.version=1.8.0_151, java.ext.dirs=C:\Program Files\Java\jdk1.8.0_151\jre\lib\ext;C:\windows\Sun\Java\lib\ext, sun.boot.class.path=C:\Program Files\Java\jdk1.8.0_151\jre\lib\resources.jar;C:\Program Files\Java\jdk1.8.0_151\jre\lib\rt.jar;C:\Program Files\Java\jdk1.8.0_151\jre\lib\sunrsasign.jar;C:\Program Files\Java\jdk1.8.0_151\jre\lib\jsse.jar;C:\Program Files\Java\jdk1.8.0_151\jre\lib\jce.jar;C:\Program Files\Java\jdk1.8.0_151\jre\lib\charsets.jar;C:\Program Files\Java\jdk1.8.0_151\jre\lib\jfr.jar;C:\Program Files\Java\jdk1.8.0_151\jre\classes, java.vendor=Oracle Corporation, localRepository=C:\Users\RU20012347\.m2\repository, file.separator=\, java.vendor.url.bug=http://bugreport.sun.com/bugreport/, sun.io.unicode.encoding=UnicodeLittle, sun.cpu.endian=little, sun.desktop=windows, sun.cpu.isalist=amd64}}, SystemEnvironmentPropertySource@59295001 {name=&apos;systemEnvironment&apos;, properties={PATH=C:/Program Files/Java/jre1.8.0_131/bin/server;C:/Program Files/Java/jre1.8.0_131/bin;C:/Program Files/Java/jre1.8.0_131/lib/amd64;C:\ProgramData\Oracle\Java\javapath;C:\windows\system32;C:\windows;C:\windows\System32\Wbem;C:\windows\System32\WindowsPowerShell\v1.0\;C:\Program Files\Git\cmd;C:\Users\RU20012347\AppData\Local\Microsoft\WindowsApps;;D:\Softwares\sts-bundle\sts-3.9.1.RELEASE;, USERDOMAIN_ROAMINGPROFILE=WIPRO, PROCESSOR_LEVEL=6, SYSTEMDRIVE=C:, SESSIONNAME=Console, ALLUSERSPROFILE=C:\ProgramData, PROCESSOR_ARCHITECTURE=AMD64, DEFLOGDIR=C:\ProgramData\McAfee\Endpoint Security\Logs, MAVEN_HOME=D:\Softwares\apache-maven-3.5.3-bin\apache-maven-3.5.3, PROGRAMFILES=C:\Program Files, PSMODULEPATH=C:\Program Files\WindowsPowerShell\Modules;C:\windows\system32\WindowsPowerShell\v1.0\Modules;C:\Program Files (x86)\Microsoft Azure Information Protection\Powershell, PROGRAMDATA=C:\ProgramData, USERNAME=RU20012347, USERDNSDOMAIN=WIPRO.COM, FPS_BROWSER_USER_PROFILE_STRING=Default, ONEDRIVE=C:\Users\RU20012347\OneDrive, PATHEXT=.COM;.EXE;.BAT;.CMD;.VBS;.VBE;.JS;.JSE;.WSF;.WSH;.MSC, WINDIR=C:\windows, HOMEPATH=\Users\RU20012347, PROCESSOR_IDENTIFIER=Intel64 Family 6 Model 142 Stepping 9, GenuineIntel, M2_HOME=D:\Softwares\apache-maven-3.5.3-bin\apache-maven-3.5.3;D:\Softwares\apache-maven-3.5.3-bin\apache-maven-3.5.3\bin, PUBLIC=C:\Users\Public, =::=::\, LOCALAPPDATA=C:\Users\RU20012347\AppData\Local, COMMONPROGRAMFILES(X86)=C:\Program Files (x86)\Common Files, USERDOMAIN=WIPRO, FPS_BROWSER_APP_PROFILE_STRING=Internet Explorer, LOGONSERVER=\\CHN-SNR-DC06, JAVA_HOME=C:\Program Files\Java\jdk1.8.0_151, PROMPT=$P$G, PROGRAMFILES(X86)=C:\Program Files (x86), =C:=C:\, APPDATA=C:\Users\RU20012347\AppData\Roaming, PROGRAMW6432=C:\Program Files, SYSTEMROOT=C:\windows, NEXTHINK=C:\Program Files\Nexthink, OS=Windows_NT, COMMONPROGRAMW6432=C:\Program Files\Common Files, COMPUTERNAME=L-156153711, COMMONPROGRAMFILES=C:\Program Files\Common Files, COMSPEC=C:\windows\system32\cmd.exe, SAP_IPV6_ACTIVE=1, PROCESSOR_REVISION=8e09, UATDATA=C:\Windows\CCM\UATData\D9F8C395-CAB8-491d-B8AC-179A1FE1BE77, =D:=D:\c967784-spring-boot-coding-exercise-f23e9d5fe4dc\microservice, TEMP=C:\Users\RU20012347\AppData\Local\Temp, HOMEDRIVE=C:, USERPROFILE=C:\Users\RU20012347, TMP=C:\Users\RU20012347\AppData\Local\Temp, NUMBER_OF_PROCESSORS=4}}]
16:27:25.357 [main] DEBUG org.springframework.test.context.support.TestPropertySourceUtils - Adding inlined properties to environment: {spring.jmx.enabled=false, org.springframework.boot.test.context.SpringBootTestContextBootstrapper=true, server.port=0}
16:27:25.357 [main] DEBUG org.springframework.core.env.StandardEnvironment - Adding PropertySource &apos;Inlined Test Properties&apos; with highest search precedence
2018-05-22 16:27:26.233  INFO 8232 --- [           main] s.c.a.AnnotationConfigApplicationContext : Refreshing org.springframework.context.annotation.AnnotationConfigApplicationContext@2d88c1bf: startup date [Tue May 22 16:27:26 IST 2018]; root of context hierarchy
2018-05-22 16:27:26.774  INFO 8232 --- [           main] trationDelegate$BeanPostProcessorChecker : Bean &apos;configurationPropertiesRebinderAutoConfiguration&apos; of type [org.springframework.cloud.autoconfigure.ConfigurationPropertiesRebinderAutoConfiguration$$EnhancerBySpringCGLIB$$c6fe2ee4] is not eligible for getting processed by all BeanPostProcessors (for example: not eligible for auto-proxying)

  .   ____          _            __ _ _
 /\\ / ___&apos;_ __ _ _(_)_ __  __ _ \ \ \ \
( ( )\___ | &apos;_ | &apos;_| | &apos;_ \/ _` | \ \ \ \
 \\/  ___)| |_)| | | | | || (_| |  ) ) ) )
  &apos;  |____| .__|_| |_|_| |_\__, | / / / /
 =========|_|==============|___/=/_/_/_/
 :: Spring Boot ::       (v1.5.10.RELEASE)

2018-05-22 16:27:27.671  WARN 8232 --- [           main] ory$DuplicateJsonObjectContextCustomizer : 

Found multiple occurrences of org.json.JSONObject on the class path:

	jar:file:/C:/Users/RU20012347/.m2/repository/com/vaadin/external/google/android-json/0.0.20131108.vaadin1/android-json-0.0.20131108.vaadin1.jar!/org/json/JSONObject.class
	jar:file:/C:/Users/RU20012347/.m2/repository/org/json/json/20080701/json-20080701.jar!/org/json/JSONObject.class

You may wish to exclude one of them to ensure predictable runtime behavior

2018-05-22 16:27:27.682  INFO 8232 --- [           main] c.t.c.HottestRepoCreatedLastWeekTest     : No active profile set, falling back to default profiles: default
2018-05-22 16:27:27.686  INFO 8232 --- [           main] ationConfigEmbeddedWebApplicationContext : Refreshing org.springframework.boot.context.embedded.AnnotationConfigEmbeddedWebApplicationContext@6b71fded: startup date [Tue May 22 16:27:27 IST 2018]; parent: org.springframework.context.annotation.AnnotationConfigApplicationContext@2d88c1bf
2018-05-22 16:27:29.217  INFO 8232 --- [           main] o.s.cloud.context.scope.GenericScope     : BeanFactory id=6b9f7dd3-10ba-375d-bd3c-e59050166943
2018-05-22 16:27:29.442  INFO 8232 --- [           main] trationDelegate$BeanPostProcessorChecker : Bean &apos;org.springframework.cloud.autoconfigure.ConfigurationPropertiesRebinderAutoConfiguration&apos; of type [org.springframework.cloud.autoconfigure.ConfigurationPropertiesRebinderAutoConfiguration$$EnhancerBySpringCGLIB$$c6fe2ee4] is not eligible for getting processed by all BeanPostProcessors (for example: not eligible for auto-proxying)
2018-05-22 16:27:30.140  INFO 8232 --- [           main] s.b.c.e.t.TomcatEmbeddedServletContainer : Tomcat initialized with port(s): 0 (http)
2018-05-22 16:27:30.156  INFO 8232 --- [           main] o.apache.catalina.core.StandardService   : Starting service [Tomcat]
2018-05-22 16:27:30.172  INFO 8232 --- [           main] org.apache.catalina.core.StandardEngine  : Starting Servlet Engine: Apache Tomcat/8.5.27
2018-05-22 16:27:30.366  INFO 8232 --- [ost-startStop-1] o.a.c.c.C.[Tomcat].[localhost].[/]       : Initializing Spring embedded WebApplicationContext
2018-05-22 16:27:30.366  INFO 8232 --- [ost-startStop-1] o.s.web.context.ContextLoader            : Root WebApplicationContext: initialization completed in 2680 ms
2018-05-22 16:27:30.717  INFO 8232 --- [ost-startStop-1] o.s.b.w.servlet.FilterRegistrationBean   : Mapping filter: &apos;metricsFilter&apos; to: [/*]
2018-05-22 16:27:30.717  INFO 8232 --- [ost-startStop-1] o.s.b.w.servlet.FilterRegistrationBean   : Mapping filter: &apos;characterEncodingFilter&apos; to: [/*]
2018-05-22 16:27:30.717  INFO 8232 --- [ost-startStop-1] o.s.b.w.servlet.FilterRegistrationBean   : Mapping filter: &apos;hiddenHttpMethodFilter&apos; to: [/*]
2018-05-22 16:27:30.717  INFO 8232 --- [ost-startStop-1] o.s.b.w.servlet.FilterRegistrationBean   : Mapping filter: &apos;httpPutFormContentFilter&apos; to: [/*]
2018-05-22 16:27:30.717  INFO 8232 --- [ost-startStop-1] o.s.b.w.servlet.FilterRegistrationBean   : Mapping filter: &apos;requestContextFilter&apos; to: [/*]
2018-05-22 16:27:30.717  INFO 8232 --- [ost-startStop-1] .s.DelegatingFilterProxyRegistrationBean : Mapping filter: &apos;springSecurityFilterChain&apos; to: [/*]
2018-05-22 16:27:30.717  INFO 8232 --- [ost-startStop-1] o.s.b.w.servlet.FilterRegistrationBean   : Mapping filter: &apos;webRequestLoggingFilter&apos; to: [/*]
2018-05-22 16:27:30.717  INFO 8232 --- [ost-startStop-1] o.s.b.w.servlet.FilterRegistrationBean   : Mapping filter: &apos;applicationContextIdFilter&apos; to: [/*]
2018-05-22 16:27:30.717  INFO 8232 --- [ost-startStop-1] o.s.b.w.servlet.ServletRegistrationBean  : Mapping servlet: &apos;dispatcherServlet&apos; to [/]
2018-05-22 16:27:31.391  WARN 8232 --- [           main] o.s.c.n.a.ArchaiusAutoConfiguration      : No spring.application.name found, defaulting to &apos;application&apos;
2018-05-22 16:27:31.397  WARN 8232 --- [           main] c.n.c.sources.URLConfigurationSource     : No URLs will be polled as dynamic configuration sources.
2018-05-22 16:27:31.398  INFO 8232 --- [           main] c.n.c.sources.URLConfigurationSource     : To enable URLs as dynamic configuration sources, define System property archaius.configurationSource.additionalUrls or make config.properties available on classpath.
2018-05-22 16:27:31.406  WARN 8232 --- [           main] c.n.c.sources.URLConfigurationSource     : No URLs will be polled as dynamic configuration sources.
[...]
2018-05-22 16:27:31.764  INFO 8232 --- [           main] s.w.s.m.m.a.RequestMappingHandlerMapping : Mapped &quot;{[/error],produces=[text/html]}&quot; onto public org.springframework.web.servlet.ModelAndView org.springframework.boot.autoconfigure.web.BasicErrorController.errorHtml(javax.servlet.http.HttpServletRequest,javax.servlet.http.HttpServletResponse)
2018-05-22 16:27:31.811  INFO 8232 --- [           main] o.s.w.s.handler.SimpleUrlHandlerMapping  : Mapped URL path [/webjars/**] onto handler of type [class org.springframework.web.servlet.resource.ResourceHttpRequestHandler]
2018-05-22 16:27:31.811  INFO 8232 --- [           main] o.s.w.s.handler.SimpleUrlHandlerMapping  : Mapped URL path [/**] onto handler of type [class org.springframework.web.servlet.resource.ResourceHttpRequestHandler]
2018-05-22 16:27:31.872  INFO 8232 --- [           main] o.s.w.s.handler.SimpleUrlHandlerMapping  : Mapped URL path [/**/favicon.ico] onto handler of type [class org.springframework.web.servlet.resource.ResourceHttpRequestHandler]
2018-05-22 16:27:32.217  INFO 8232 --- [           main] b.a.s.AuthenticationManagerConfiguration : 

Using default security password: c9856805-27f1-45c5-b14f-1c4cbaa088aa

2018-05-22 16:27:32.310  INFO 8232 --- [           main] o.s.s.web.DefaultSecurityFilterChain     : Creating filter chain: OrRequestMatcher [requestMatchers=[Ant [pattern=&apos;/css/**&apos;], Ant [pattern=&apos;/js/**&apos;], Ant [pattern=&apos;/images/**&apos;], Ant [pattern=&apos;/webjars/**&apos;], Ant [pattern=&apos;/**/favicon.ico&apos;], Ant [pattern=&apos;/error&apos;]]], []
2018-05-22 16:27:32.737  INFO 8232 --- [           main] o.s.b.a.e.mvc.EndpointHandlerMapping     : Mapped &quot;{[/auditevents || /auditevents.json],methods=[GET],produces=[application/vnd.spring-boot.actuator.v1+json || application/json]}&quot; onto public org.springframework.http.ResponseEntity&lt;?&gt; org.springframework.boot.actuate.endpoint.mvc.AuditEventsMvcEndpoint.findByPrincipalAndAfterAndType(java.lang.String,java.util.Date,java.lang.String)
2018-05-22 16:27:32.739  INFO 8232 --- [           main] o.s.b.a.e.mvc.EndpointHandlerMapping     : Mapped &quot;{[/info || /info.json],methods=[GET],produces=[application/vnd.spring-boot.actuator.v1+json || application/json]}&quot; onto public java.lang.Object org.springframework.boot.actuate.endpoint.mvc.EndpointMvcAdapter.invoke()
2018-05-22 16:27:32.739  INFO 8232 --- [           main] o.s.b.a.e.mvc.EndpointHandlerMapping     : Mapped &quot;{[/autoconfig || /autoconfig.json],methods=[GET],produces=[application/vnd.spring-boot.actuator.v1+json || application/json]}&quot; onto public java.lang.Object org.springframework.boot.actuate.endpoint.mvc.EndpointMvcAdapter.invoke()
2018-05-22 16:27:32.739  INFO 8232 --- [           main] o.s.b.a.e.mvc.EndpointHandlerMapping     : Mapped &quot;{[/mappings || /mappings.json],methods=[GET],produces=[application/vnd.spring-boot.actuator.v1+json || application/json]}&quot; onto public java.lang.Object org.springframework.boot.actuate.endpoint.mvc.EndpointMvcAdapter.invoke()
2018-05-22 16:27:32.739  INFO 8232 --- [           main] o.s.b.a.e.mvc.EndpointHandlerMapping     : Mapped &quot;{[/dump || /dump.json],methods=[GET],produces=[application/vnd.spring-boot.actuator.v1+json || application/json]}&quot; onto public java.lang.Object org.springframework.boot.actuate.endpoint.mvc.EndpointMvcAdapter.invoke()
2018-05-22 16:27:32.739  INFO 8232 --- [           main] o.s.b.a.e.mvc.EndpointHandlerMapping     : Mapped &quot;{[/env],methods=[POST]}&quot; onto public java.lang.Object org.springframework.cloud.context.environment.EnvironmentManagerMvcEndpoint.value(java.util.Map&lt;java.lang.String, java.lang.String&gt;)
2018-05-22 16:27:32.739  INFO 8232 --- [           main] o.s.b.a.e.mvc.EndpointHandlerMapping     : Mapped &quot;{[/env/reset],methods=[POST]}&quot; onto public java.util.Map&lt;java.lang.String, java.lang.Object&gt; org.springframework.cloud.context.environment.EnvironmentManagerMvcEndpoint.reset()
2018-05-22 16:27:32.739  INFO 8232 --- [           main] o.s.b.a.e.mvc.EndpointHandlerMapping     : Mapped &quot;{[/configprops || /configprops.json],methods=[GET],produces=[application/vnd.spring-boot.actuator.v1+json || application/json]}&quot; onto public java.lang.Object org.springframework.boot.actuate.endpoint.mvc.EndpointMvcAdapter.invoke()
2018-05-22 16:27:32.739  INFO 8232 --- [           main] o.s.b.a.e.mvc.EndpointHandlerMapping     : Mapped &quot;{[/env/{name:.*}],methods=[GET],produces=[application/vnd.spring-boot.actuator.v1+json || application/json]}&quot; onto public java.lang.Object org.springframework.boot.actuate.endpoint.mvc.EnvironmentMvcEndpoint.value(java.lang.String)
2018-05-22 16:27:32.739  INFO 8232 --- [           main] o.s.b.a.e.mvc.EndpointHandlerMapping     : Mapped &quot;{[/env || /env.json],methods=[GET],produces=[application/vnd.spring-boot.actuator.v1+json || application/json]}&quot; onto public java.lang.Object org.springframework.boot.actuate.endpoint.mvc.EndpointMvcAdapter.invoke()
2018-05-22 16:27:32.739  INFO 8232 --- [           main] o.s.b.a.e.mvc.EndpointHandlerMapping     : Mapped &quot;{[/features || /features.json],methods=[GET],produces=[application/vnd.spring-boot.actuator.v1+json || application/json]}&quot; onto public java.lang.Object org.springframework.boot.actuate.endpoint.mvc.EndpointMvcAdapter.invoke()
2018-05-22 16:27:32.739  INFO 8232 --- [           main] o.s.b.a.e.mvc.EndpointHandlerMapping     : Mapped &quot;{[/refresh || /refresh.json],methods=[POST]}&quot; onto public java.lang.Object org.springframework.cloud.endpoint.GenericPostableMvcEndpoint.invoke()
2018-05-22 16:27:32.739  INFO 8232 --- [           main] o.s.b.a.e.mvc.EndpointHandlerMapping     : Mapped &quot;{[/trace || /trace.json],methods=[GET],produces=[application/vnd.spring-boot.actuator.v1+json || application/json]}&quot; onto public java.lang.Object org.springframework.boot.actuate.endpoint.mvc.EndpointMvcAdapter.invoke()
2018-05-22 16:27:32.739  INFO 8232 --- [           main] o.s.b.a.e.mvc.EndpointHandlerMapping     : Mapped &quot;{[/heapdump || /heapdump.json],methods=[GET],produces=[application/octet-stream]}&quot; onto public void org.springframework.boot.actuate.endpoint.mvc.HeapdumpMvcEndpoint.invoke(boolean,javax.servlet.http.HttpServletRequest,javax.servlet.http.HttpServletResponse) throws java.io.IOException,javax.servlet.ServletException
2018-05-22 16:27:32.754  INFO 8232 --- [           main] o.s.b.a.e.mvc.EndpointHandlerMapping     : Mapped &quot;{[/archaius || /archaius.json],methods=[GET],produces=[application/vnd.spring-boot.actuator.v1+json || application/json]}&quot; onto public java.lang.Object org.springframework.boot.actuate.endpoint.mvc.EndpointMvcAdapter.invoke()
2018-05-22 16:27:32.754  INFO 8232 --- [           main] o.s.b.a.e.mvc.EndpointHandlerMapping     : Mapped &quot;{[/health || /health.json],methods=[GET],produces=[application/vnd.spring-boot.actuator.v1+json || application/json]}&quot; onto public java.lang.Object org.springframework.boot.actuate.endpoint.mvc.HealthMvcEndpoint.invoke(javax.servlet.http.HttpServletRequest,java.security.Principal)
2018-05-22 16:27:32.754  INFO 8232 --- [           main] o.s.b.a.e.mvc.EndpointHandlerMapping     : Mapped &quot;{[/metrics/{name:.*}],methods=[GET],produces=[application/vnd.spring-boot.actuator.v1+json || application/json]}&quot; onto public java.lang.Object org.springframework.boot.actuate.endpoint.mvc.MetricsMvcEndpoint.value(java.lang.String)
2018-05-22 16:27:32.754  INFO 8232 --- [           main] o.s.b.a.e.mvc.EndpointHandlerMapping     : Mapped &quot;{[/metrics || /metrics.json],methods=[GET],produces=[application/vnd.spring-boot.actuator.v1+json || application/json]}&quot; onto public java.lang.Object org.springframework.boot.actuate.endpoint.mvc.EndpointMvcAdapter.invoke()
2018-05-22 16:27:32.754  INFO 8232 --- [           main] o.s.b.a.e.mvc.EndpointHandlerMapping     : Mapped &quot;{[/loggers/{name:.*}],methods=[GET],produces=[application/vnd.spring-boot.actuator.v1+json || application/json]}&quot; onto public java.lang.Object org.springframework.boot.actuate.endpoint.mvc.LoggersMvcEndpoint.get(java.lang.String)
2018-05-22 16:27:32.754  INFO 8232 --- [           main] o.s.b.a.e.mvc.EndpointHandlerMapping     : Mapped &quot;{[/loggers/{name:.*}],methods=[POST],consumes=[application/vnd.spring-boot.actuator.v1+json || application/json],produces=[application/vnd.spring-boot.actuator.v1+json || application/json]}&quot; onto public java.lang.Object org.springframework.boot.actuate.endpoint.mvc.LoggersMvcEndpoint.set(java.lang.String,java.util.Map&lt;java.lang.String, java.lang.String&gt;)
2018-05-22 16:27:32.754  INFO 8232 --- [           main] o.s.b.a.e.mvc.EndpointHandlerMapping     : Mapped &quot;{[/loggers || /loggers.json],methods=[GET],produces=[application/vnd.spring-boot.actuator.v1+json || application/json]}&quot; onto public java.lang.Object org.springframework.boot.actuate.endpoint.mvc.EndpointMvcAdapter.invoke()
2018-05-22 16:27:32.754  INFO 8232 --- [           main] o.s.b.a.e.mvc.EndpointHandlerMapping     : Mapped &quot;{[/beans || /beans.json],methods=[GET],produces=[application/vnd.spring-boot.actuator.v1+json || application/json]}&quot; onto public java.lang.Object org.springframework.boot.actuate.endpoint.mvc.EndpointMvcAdapter.invoke()
2018-05-22 16:27:32.754  INFO 8232 --- [           main] o.s.s.web.DefaultSecurityFilterChain     : Creating filter chain: org.springframework.boot.actuate.autoconfigure.ManagementWebSecurityAutoConfiguration$LazyEndpointPathRequestMatcher@e56b7c0, [org.springframework.security.web.context.request.async.WebAsyncManagerIntegrationFilter@550f5c0a, org.springframework.security.web.context.SecurityContextPersistenceFilter@948335d, org.springframework.security.web.header.HeaderWriterFilter@1a71d8ce, org.springframework.web.filter.CorsFilter@37acbc84, org.springframework.security.web.authentication.logout.LogoutFilter@5a32a948, org.springframework.security.web.authentication.www.BasicAuthenticationFilter@7e525116, org.springframework.security.web.savedrequest.RequestCacheAwareFilter@658e055b, org.springframework.security.web.servletapi.SecurityContextHolderAwareRequestFilter@2130eec1, org.springframework.security.web.authentication.AnonymousAuthenticationFilter@7a320260, org.springframework.security.web.session.SessionManagementFilter@4442fa6c, org.springframework.security.web.access.ExceptionTranslationFilter@15ab7999, org.springframework.security.web.access.intercept.FilterSecurityInterceptor@7d984423]
2018-05-22 16:27:32.770  INFO 8232 --- [           main] o.s.s.web.DefaultSecurityFilterChain     : Creating filter chain: OrRequestMatcher [requestMatchers=[Ant [pattern=&apos;/**&apos;]]], [org.springframework.security.web.context.request.async.WebAsyncManagerIntegrationFilter@4c87a40d, org.springframework.security.web.context.SecurityContextPersistenceFilter@62fdd4c0, org.springframework.security.web.header.HeaderWriterFilter@4d1e93a6, org.springframework.security.web.authentication.logout.LogoutFilter@341a8ea0, org.springframework.security.web.authentication.www.BasicAuthenticationFilter@384d0737, org.springframework.security.web.savedrequest.RequestCacheAwareFilter@3b8cfe82, org.springframework.security.web.servletapi.SecurityContextHolderAwareRequestFilter@236c9f6, org.springframework.security.web.authentication.AnonymousAuthenticationFilter@5ada7af1, org.springframework.security.web.session.SessionManagementFilter@17b425dd, org.springframework.security.web.access.ExceptionTranslationFilter@19180603, org.springframework.security.web.access.intercept.FilterSecurityInterceptor@8814c5d]
2018-05-22 16:27:33.265  INFO 8232 --- [           main] s.b.c.e.t.TomcatEmbeddedServletContainer : Tomcat started on port(s): 51540 (http)
2018-05-22 16:27:33.265  INFO 8232 --- [           main] c.t.c.HottestRepoCreatedLastWeekTest     : Started HottestRepoCreatedLastWeekTest in 7.888 seconds (JVM running for 9.334)
</system-out>
    <system-err>SLF4J: Class path contains multiple SLF4J bindings.
SLF4J: Found binding in [jar:file:/C:/Users/RU20012347/.m2/repository/ch/qos/logback/logback-classic/1.1.11/logback-classic-1.1.11.jar!/org/slf4j/impl/StaticLoggerBinder.class]
SLF4J: Found binding in [jar:file:/C:/Users/RU20012347/.m2/repository/org/apache/logging/log4j/log4j-slf4j-impl/2.7/log4j-slf4j-impl-2.7.jar!/org/slf4j/impl/StaticLoggerBinder.class]
SLF4J: See http://www.slf4j.org/codes.html#multiple_bindings for an explanation.
SLF4J: Actual binding is of type [ch.qos.logback.classic.util.ContextSelectorStaticBinder]
</system-err>
  </testcase>
  <testcase classname="com.telstra.codechallenge.HottestRepoCreatedLastWeekTest" name="testJsondatavalidator" time="2.031">
    <error message="I/O error on GET request for &quot;http://localhost:8089/api/hottestcreatedrepo&quot;: Connect to localhost:8089 [localhost/127.0.0.1, localhost/0:0:0:0:0:0:0:1] failed: Connection refused: connect; nested exception is org.apache.http.conn.HttpHostConnectException: Connect to localhost:8089 [localhost/127.0.0.1, localhost/0:0:0:0:0:0:0:1] failed: Connection refused: connect" type="org.springframework.web.client.ResourceAccessException">org.springframework.web.client.ResourceAccessException: I/O error on GET request for &quot;http://localhost:8089/api/hottestcreatedrepo&quot;: Connect to localhost:8089 [localhost/127.0.0.1, localhost/0:0:0:0:0:0:0:1] failed: Connection refused: connect; nested exception is org.apache.http.conn.HttpHostConnectException: Connect to localhost:8089 [localhost/127.0.0.1, localhost/0:0:0:0:0:0:0:1] failed: Connection refused: connect
	at org.springframework.web.client.RestTemplate.doExecute(RestTemplate.java:674)
	at org.springframework.web.client.RestTemplate.execute(RestTemplate.java:621)
	at org.springframework.web.client.RestTemplate.exchange(RestTemplate.java:539)
	at org.springframework.boot.test.web.client.TestRestTemplate.exchange(TestRestTemplate.java:739)
	at com.telstra.codechallenge.HottestRepoCreatedLastWeekTest.testJsondatavalidator(HottestRepoCreatedLastWeekTest.java:46)
	at sun.reflect.NativeMethodAccessorImpl.invoke0(Native Method)
	at sun.reflect.NativeMethodAccessorImpl.invoke(NativeMethodAccessorImpl.java:62)
	at sun.reflect.DelegatingMethodAccessorImpl.invoke(DelegatingMethodAccessorImpl.java:43)
	at java.lang.reflect.Method.invoke(Method.java:498)
	at org.junit.runners.model.FrameworkMethod$1.runReflectiveCall(FrameworkMethod.java:50)
	at org.junit.internal.runners.model.ReflectiveCallable.run(ReflectiveCallable.java:12)
	at org.junit.runners.model.FrameworkMethod.invokeExplosively(FrameworkMethod.java:47)
	at org.junit.internal.runners.statements.InvokeMethod.evaluate(InvokeMethod.java:17)
	at org.springframework.test.context.junit4.statements.RunBeforeTestMethodCallbacks.evaluate(RunBeforeTestMethodCallbacks.java:75)
	at org.springframework.test.context.junit4.statements.RunAfterTestMethodCallbacks.evaluate(RunAfterTestMethodCallbacks.java:86)
	at org.springframework.test.context.junit4.statements.SpringRepeat.evaluate(SpringRepeat.java:84)
	at org.junit.runners.ParentRunner.runLeaf(ParentRunner.java:325)
	at org.springframework.test.context.junit4.SpringJUnit4ClassRunner.runChild(SpringJUnit4ClassRunner.java:252)
	at org.springframework.test.context.junit4.SpringJUnit4ClassRunner.runChild(SpringJUnit4ClassRunner.java:94)
	at org.junit.runners.ParentRunner$3.run(ParentRunner.java:290)
	at org.junit.runners.ParentRunner$1.schedule(ParentRunner.java:71)
	at org.junit.runners.ParentRunner.runChildren(ParentRunner.java:288)
	at org.junit.runners.ParentRunner.access$000(ParentRunner.java:58)
	at org.junit.runners.ParentRunner$2.evaluate(ParentRunner.java:268)
	at org.springframework.test.context.junit4.statements.RunBeforeTestClassCallbacks.evaluate(RunBeforeTestClassCallbacks.java:61)
	at org.springframework.test.context.junit4.statements.RunAfterTestClassCallbacks.evaluate(RunAfterTestClassCallbacks.java:70)
	at org.junit.runners.ParentRunner.run(ParentRunner.java:363)
	at org.springframework.test.context.junit4.SpringJUnit4ClassRunner.run(SpringJUnit4ClassRunner.java:191)
	at org.apache.maven.surefire.junit4.JUnit4TestSet.execute(JUnit4TestSet.java:53)
	at org.apache.maven.surefire.junit4.JUnit4Provider.executeTestSet(JUnit4Provider.java:123)
	at org.apache.maven.surefire.junit4.JUnit4Provider.invoke(JUnit4Provider.java:104)
	at sun.reflect.NativeMethodAccessorImpl.invoke0(Native Method)
	at sun.reflect.NativeMethodAccessorImpl.invoke(NativeMethodAccessorImpl.java:62)
	at sun.reflect.DelegatingMethodAccessorImpl.invoke(DelegatingMethodAccessorImpl.java:43)
	at java.lang.reflect.Method.invoke(Method.java:498)
	at org.apache.maven.surefire.util.ReflectionUtils.invokeMethodWithArray(ReflectionUtils.java:164)
	at org.apache.maven.surefire.booter.ProviderFactory$ProviderProxy.invoke(ProviderFactory.java:110)
	at org.apache.maven.surefire.booter.SurefireStarter.invokeProvider(SurefireStarter.java:175)
	at org.apache.maven.surefire.booter.SurefireStarter.runSuitesInProcessWhenForked(SurefireStarter.java:107)
	at org.apache.maven.surefire.booter.ForkedBooter.main(ForkedBooter.java:68)
Caused by: org.apache.http.conn.HttpHostConnectException: Connect to localhost:8089 [localhost/127.0.0.1, localhost/0:0:0:0:0:0:0:1] failed: Connection refused: connect
	at org.apache.http.impl.conn.DefaultHttpClientConnectionOperator.connect(DefaultHttpClientConnectionOperator.java:151)
	at org.apache.http.impl.conn.PoolingHttpClientConnectionManager.connect(PoolingHttpClientConnectionManager.java:353)
	at org.apache.http.impl.execchain.MainClientExec.establishRoute(MainClientExec.java:380)
	at org.apache.http.impl.execchain.MainClientExec.execute(MainClientExec.java:236)
	at org.apache.http.impl.execchain.ProtocolExec.execute(ProtocolExec.java:184)
	at org.apache.http.impl.execchain.RetryExec.execute(RetryExec.java:88)
	at org.apache.http.impl.execchain.RedirectExec.execute(RedirectExec.java:110)
	at org.apache.http.impl.client.InternalHttpClient.doExecute(InternalHttpClient.java:184)
	at org.apache.http.impl.client.CloseableHttpClient.execute(CloseableHttpClient.java:82)
	at org.apache.http.impl.client.CloseableHttpClient.execute(CloseableHttpClient.java:55)
	at org.springframework.http.client.HttpComponentsClientHttpRequest.executeInternal(HttpComponentsClientHttpRequest.java:89)
	at org.springframework.http.client.AbstractBufferingClientHttpRequest.executeInternal(AbstractBufferingClientHttpRequest.java:48)
	at org.springframework.http.client.AbstractClientHttpRequest.execute(AbstractClientHttpRequest.java:53)
	at org.springframework.web.client.RestTemplate.doExecute(RestTemplate.java:660)
	... 39 more
Caused by: java.net.ConnectException: Connection refused: connect
	at java.net.DualStackPlainSocketImpl.connect0(Native Method)
	at java.net.DualStackPlainSocketImpl.socketConnect(DualStackPlainSocketImpl.java:79)
	at java.net.AbstractPlainSocketImpl.doConnect(AbstractPlainSocketImpl.java:350)
	at java.net.AbstractPlainSocketImpl.connectToAddress(AbstractPlainSocketImpl.java:206)
	at java.net.AbstractPlainSocketImpl.connect(AbstractPlainSocketImpl.java:188)
	at java.net.PlainSocketImpl.connect(PlainSocketImpl.java:172)
	at java.net.SocksSocketImpl.connect(SocksSocketImpl.java:392)
	at java.net.Socket.connect(Socket.java:589)
	at org.apache.http.conn.socket.PlainConnectionSocketFactory.connectSocket(PlainConnectionSocketFactory.java:74)
	at org.apache.http.impl.conn.DefaultHttpClientConnectionOperator.connect(DefaultHttpClientConnectionOperator.java:134)
	... 52 more
</error>
  </testcase>
</testsuite>